[       6ms] [ERROR] Failed to load resource: the server responded with a status of 404 (Not Found) @ https://emdata.eastmoney.com/favicon.ico:0
[     765ms] [WARNING] The AudioContext was not allowed to start. It must be resumed (or created) after a user gesture on the page. https://goo.gl/7K7WLu @ https://anonflow2.eastmoney.com/ewtsdk/ewtsdk.prod.js?ver=20251128:0
[     765ms] [WARNING] The AudioContext was not allowed to start. It must be resumed (or created) after a user gesture on the page. https://goo.gl/7K7WLu @ https://anonflow2.eastmoney.com/ewtsdk/ewtsdk.prod.js?ver=20251128:0
[     766ms] [WARNING] The AudioContext was not allowed to start. It must be resumed (or created) after a user gesture on the page. https://goo.gl/7K7WLu @ https://anonflow2.eastmoney.com/ewtsdk/ewtsdk.prod.js?ver=20251128:0
[     766ms] [WARNING] The AudioContext was not allowed to start. It must be resumed (or created) after a user gesture on the page. https://goo.gl/7K7WLu @ https://anonflow2.eastmoney.com/ewtsdk/ewtsdk.prod.js?ver=20251128:0
[     767ms] [WARNING] The AudioContext was not allowed to start. It must be resumed (or created) after a user gesture on the page. https://goo.gl/7K7WLu @ https://anonflow2.eastmoney.com/ewtsdk/ewtsdk.prod.js?ver=20251128:0
[     767ms] [WARNING] The AudioContext was not allowed to start. It must be resumed (or created) after a user gesture on the page. https://goo.gl/7K7WLu @ https://anonflow2.eastmoney.com/ewtsdk/ewtsdk.prod.js?ver=20251128:0
[     768ms] [WARNING] The AudioContext was not allowed to start. It must be resumed (or created) after a user gesture on the page. https://goo.gl/7K7WLu @ https://anonflow2.eastmoney.com/ewtsdk/ewtsdk.prod.js?ver=20251128:0
[     768ms] [WARNING] The AudioContext was not allowed to start. It must be resumed (or created) after a user gesture on the page. https://goo.gl/7K7WLu @ https://anonflow2.eastmoney.com/ewtsdk/ewtsdk.prod.js?ver=20251128:0
[     769ms] [WARNING] The AudioContext was not allowed to start. It must be resumed (or created) after a user gesture on the page. https://goo.gl/7K7WLu @ https://anonflow2.eastmoney.com/ewtsdk/ewtsdk.prod.js?ver=20251128:0
[     909ms] [WARNING] The AudioContext was not allowed to start. It must be resumed (or created) after a user gesture on the page. https://goo.gl/7K7WLu @ https://anonflow2.eastmoney.com/ewtsdk/ewtsdk.prod.js?ver=20251128:0
[     910ms] [WARNING] The AudioContext was not allowed to start. It must be resumed (or created) after a user gesture on the page. https://goo.gl/7K7WLu @ https://anonflow2.eastmoney.com/ewtsdk/ewtsdk.prod.js?ver=20251128:0
[     911ms] [WARNING] The AudioContext was not allowed to start. It must be resumed (or created) after a user gesture on the page. https://goo.gl/7K7WLu @ https://anonflow2.eastmoney.com/ewtsdk/ewtsdk.prod.js?ver=20251128:0
[     912ms] [WARNING] The AudioContext was not allowed to start. It must be resumed (or created) after a user gesture on the page. https://goo.gl/7K7WLu @ https://anonflow2.eastmoney.com/ewtsdk/ewtsdk.prod.js?ver=20251128:0
[     912ms] [WARNING] The AudioContext was not allowed to start. It must be resumed (or created) after a user gesture on the page. https://goo.gl/7K7WLu @ https://anonflow2.eastmoney.com/ewtsdk/ewtsdk.prod.js?ver=20251128:0
[     913ms] [WARNING] The AudioContext was not allowed to start. It must be resumed (or created) after a user gesture on the page. https://goo.gl/7K7WLu @ https://anonflow2.eastmoney.com/ewtsdk/ewtsdk.prod.js?ver=20251128:0
[     914ms] [WARNING] The AudioContext was not allowed to start. It must be resumed (or created) after a user gesture on the page. https://goo.gl/7K7WLu @ https://anonflow2.eastmoney.com/ewtsdk/ewtsdk.prod.js?ver=20251128:0
[     914ms] [WARNING] The AudioContext was not allowed to start. It must be resumed (or created) after a user gesture on the page. https://goo.gl/7K7WLu @ https://anonflow2.eastmoney.com/ewtsdk/ewtsdk.prod.js?ver=20251128:0
[     915ms] [WARNING] The AudioContext was not allowed to start. It must be resumed (or created) after a user gesture on the page. https://goo.gl/7K7WLu @ https://anonflow2.eastmoney.com/ewtsdk/ewtsdk.prod.js?ver=20251128:0
[     980ms] [ERROR] Failed to load resource: net::ERR_EMPTY_RESPONSE @ https://push2.eastmoney.com/api/qt/clist/get?fltt=1&invt=2&wbp2u=|0|0|0|web&cb=jQuery11240360934472779852_1772197062635&fields=f12%2Cf13%2Cf14%2Cf1%2Cf2%2Cf4%2Cf11%2Cf152&fs=m%3A0%2Bt%3A6%2Cm%3A0%2Bt%3A80%2Cm%3A1%2Bt%3A2%2Cm%3A1%2Bt%3A23%2Cm%3A0%2Bt%3A81%2Bs%3A2048&ut=433fd2d0e98eaf36ad3d5001f088614d&fid=f11&po=1&pn=1&np=1&pz=3&dect=1&wbp2u=%26wbp2u%3D%7C0%7C0%7C0%7Cweb&_=1772197062636:0
[    1037ms] [ERROR] Failed to load resource: net::ERR_EMPTY_RESPONSE @ https://push2.eastmoney.com/api/qt/stock/get?secid=0.300059&fields=f59,f301,f302,f303&ut=433fd2d0e98eaf36ad3d5001f088614d&wbp2u=|0|0|0|web&cb=jQuery11240360934472779852_1772197062627&_=1772197062628:0
[    1716ms] [ERROR] Failed to load resource: net::ERR_EMPTY_RESPONSE @ https://push2.eastmoney.com/api/qt/stock/get?cb=quotedelaytip0:0
[    5628ms] [ERROR] Failed to load resource: the server responded with a status of 404 (Not Found) @ https://data.eastmoney.com/report/stockprofit.jshtml?code=SZ300502:0
[    5862ms] [WARNING] The AudioContext was not allowed to start. It must be resumed (or created) after a user gesture on the page. https://goo.gl/7K7WLu @ https://anonflow2.eastmoney.com/ewtsdk/ewtsdk.prod.js?ver=20251128:0
[    5863ms] [WARNING] The AudioContext was not allowed to start. It must be resumed (or created) after a user gesture on the page. https://goo.gl/7K7WLu @ https://anonflow2.eastmoney.com/ewtsdk/ewtsdk.prod.js?ver=20251128:0
[    5864ms] [WARNING] The AudioContext was not allowed to start. It must be resumed (or created) after a user gesture on the page. https://goo.gl/7K7WLu @ https://anonflow2.eastmoney.com/ewtsdk/ewtsdk.prod.js?ver=20251128:0
[    5865ms] [WARNING] The AudioContext was not allowed to start. It must be resumed (or created) after a user gesture on the page. https://goo.gl/7K7WLu @ https://anonflow2.eastmoney.com/ewtsdk/ewtsdk.prod.js?ver=20251128:0
[    5865ms] [WARNING] The AudioContext was not allowed to start. It must be resumed (or created) after a user gesture on the page. https://goo.gl/7K7WLu @ https://anonflow2.eastmoney.com/ewtsdk/ewtsdk.prod.js?ver=20251128:0
[    5866ms] [WARNING] The AudioContext was not allowed to start. It must be resumed (or created) after a user gesture on the page. https://goo.gl/7K7WLu @ https://anonflow2.eastmoney.com/ewtsdk/ewtsdk.prod.js?ver=20251128:0
[    5866ms] [WARNING] The AudioContext was not allowed to start. It must be resumed (or created) after a user gesture on the page. https://goo.gl/7K7WLu @ https://anonflow2.eastmoney.com/ewtsdk/ewtsdk.prod.js?ver=20251128:0
[    5867ms] [WARNING] The AudioContext was not allowed to start. It must be resumed (or created) after a user gesture on the page. https://goo.gl/7K7WLu @ https://anonflow2.eastmoney.com/ewtsdk/ewtsdk.prod.js?ver=20251128:0
[    5867ms] [WARNING] The AudioContext was not allowed to start. It must be resumed (or created) after a user gesture on the page. https://goo.gl/7K7WLu @ https://anonflow2.eastmoney.com/ewtsdk/ewtsdk.prod.js?ver=20251128:0
[    6008ms] [WARNING] The AudioContext was not allowed to start. It must be resumed (or created) after a user gesture on the page. https://goo.gl/7K7WLu @ https://anonflow2.eastmoney.com/ewtsdk/ewtsdk.prod.js?ver=20251128:0
[    6009ms] [WARNING] The AudioContext was not allowed to start. It must be resumed (or created) after a user gesture on the page. https://goo.gl/7K7WLu @ https://anonflow2.eastmoney.com/ewtsdk/ewtsdk.prod.js?ver=20251128:0
[    6009ms] [WARNING] The AudioContext was not allowed to start. It must be resumed (or created) after a user gesture on the page. https://goo.gl/7K7WLu @ https://anonflow2.eastmoney.com/ewtsdk/ewtsdk.prod.js?ver=20251128:0
[    6010ms] [WARNING] The AudioContext was not allowed to start. It must be resumed (or created) after a user gesture on the page. https://goo.gl/7K7WLu @ https://anonflow2.eastmoney.com/ewtsdk/ewtsdk.prod.js?ver=20251128:0
[    6011ms] [WARNING] The AudioContext was not allowed to start. It must be resumed (or created) after a user gesture on the page. https://goo.gl/7K7WLu @ https://anonflow2.eastmoney.com/ewtsdk/ewtsdk.prod.js?ver=20251128:0
[    6011ms] [WARNING] The AudioContext was not allowed to start. It must be resumed (or created) after a user gesture on the page. https://goo.gl/7K7WLu @ https://anonflow2.eastmoney.com/ewtsdk/ewtsdk.prod.js?ver=20251128:0
[    6012ms] [WARNING] The AudioContext was not allowed to start. It must be resumed (or created) after a user gesture on the page. https://goo.gl/7K7WLu @ https://anonflow2.eastmoney.com/ewtsdk/ewtsdk.prod.js?ver=20251128:0
[    6013ms] [WARNING] The AudioContext was not allowed to start. It must be resumed (or created) after a user gesture on the page. https://goo.gl/7K7WLu @ https://anonflow2.eastmoney.com/ewtsdk/ewtsdk.prod.js?ver=20251128:0
[    6013ms] [WARNING] The AudioContext was not allowed to start. It must be resumed (or created) after a user gesture on the page. https://goo.gl/7K7WLu @ https://anonflow2.eastmoney.com/ewtsdk/ewtsdk.prod.js?ver=20251128:0
[    6321ms] [ERROR] Failed to load resource: net::ERR_EMPTY_RESPONSE @ https://push2.eastmoney.com/api/qt/stock/get?cb=quotedelaytip0:0
