[     825ms] [WARNING] The AudioContext was not allowed to start. It must be resumed (or created) after a user gesture on the page. https://goo.gl/7K7WLu @ https://anonflow2.eastmoney.com/ewtsdk/ewtsdk.prod.js?ver=20251128:0
[     826ms] [WARNING] The AudioContext was not allowed to start. It must be resumed (or created) after a user gesture on the page. https://goo.gl/7K7WLu @ https://anonflow2.eastmoney.com/ewtsdk/ewtsdk.prod.js?ver=20251128:0
[     826ms] [WARNING] The AudioContext was not allowed to start. It must be resumed (or created) after a user gesture on the page. https://goo.gl/7K7WLu @ https://anonflow2.eastmoney.com/ewtsdk/ewtsdk.prod.js?ver=20251128:0
[     826ms] [WARNING] The AudioContext was not allowed to start. It must be resumed (or created) after a user gesture on the page. https://goo.gl/7K7WLu @ https://anonflow2.eastmoney.com/ewtsdk/ewtsdk.prod.js?ver=20251128:0
[     827ms] [WARNING] The AudioContext was not allowed to start. It must be resumed (or created) after a user gesture on the page. https://goo.gl/7K7WLu @ https://anonflow2.eastmoney.com/ewtsdk/ewtsdk.prod.js?ver=20251128:0
[     827ms] [WARNING] The AudioContext was not allowed to start. It must be resumed (or created) after a user gesture on the page. https://goo.gl/7K7WLu @ https://anonflow2.eastmoney.com/ewtsdk/ewtsdk.prod.js?ver=20251128:0
[     828ms] [WARNING] The AudioContext was not allowed to start. It must be resumed (or created) after a user gesture on the page. https://goo.gl/7K7WLu @ https://anonflow2.eastmoney.com/ewtsdk/ewtsdk.prod.js?ver=20251128:0
[     828ms] [WARNING] The AudioContext was not allowed to start. It must be resumed (or created) after a user gesture on the page. https://goo.gl/7K7WLu @ https://anonflow2.eastmoney.com/ewtsdk/ewtsdk.prod.js?ver=20251128:0
[     829ms] [WARNING] The AudioContext was not allowed to start. It must be resumed (or created) after a user gesture on the page. https://goo.gl/7K7WLu @ https://anonflow2.eastmoney.com/ewtsdk/ewtsdk.prod.js?ver=20251128:0
[    1029ms] [WARNING] The AudioContext was not allowed to start. It must be resumed (or created) after a user gesture on the page. https://goo.gl/7K7WLu @ https://anonflow2.eastmoney.com/ewtsdk/ewtsdk.prod.js?ver=20251128:0
[    1030ms] [WARNING] The AudioContext was not allowed to start. It must be resumed (or created) after a user gesture on the page. https://goo.gl/7K7WLu @ https://anonflow2.eastmoney.com/ewtsdk/ewtsdk.prod.js?ver=20251128:0
[    1030ms] [WARNING] The AudioContext was not allowed to start. It must be resumed (or created) after a user gesture on the page. https://goo.gl/7K7WLu @ https://anonflow2.eastmoney.com/ewtsdk/ewtsdk.prod.js?ver=20251128:0
[    1031ms] [WARNING] The AudioContext was not allowed to start. It must be resumed (or created) after a user gesture on the page. https://goo.gl/7K7WLu @ https://anonflow2.eastmoney.com/ewtsdk/ewtsdk.prod.js?ver=20251128:0
[    1032ms] [WARNING] The AudioContext was not allowed to start. It must be resumed (or created) after a user gesture on the page. https://goo.gl/7K7WLu @ https://anonflow2.eastmoney.com/ewtsdk/ewtsdk.prod.js?ver=20251128:0
[    1032ms] [WARNING] The AudioContext was not allowed to start. It must be resumed (or created) after a user gesture on the page. https://goo.gl/7K7WLu @ https://anonflow2.eastmoney.com/ewtsdk/ewtsdk.prod.js?ver=20251128:0
[    1033ms] [WARNING] The AudioContext was not allowed to start. It must be resumed (or created) after a user gesture on the page. https://goo.gl/7K7WLu @ https://anonflow2.eastmoney.com/ewtsdk/ewtsdk.prod.js?ver=20251128:0
[    1033ms] [WARNING] The AudioContext was not allowed to start. It must be resumed (or created) after a user gesture on the page. https://goo.gl/7K7WLu @ https://anonflow2.eastmoney.com/ewtsdk/ewtsdk.prod.js?ver=20251128:0
[    1033ms] [WARNING] The AudioContext was not allowed to start. It must be resumed (or created) after a user gesture on the page. https://goo.gl/7K7WLu @ https://anonflow2.eastmoney.com/ewtsdk/ewtsdk.prod.js?ver=20251128:0
[    1042ms] [ERROR] Failed to load resource: net::ERR_EMPTY_RESPONSE @ https://push2.eastmoney.com/api/qt/stock/get?secid=0.300059&fields=f59,f301,f302,f303&ut=433fd2d0e98eaf36ad3d5001f088614d&wbp2u=|0|0|0|web&cb=jQuery1124038728636185411025_1772197053091&_=1772197053092:0
[    1043ms] [ERROR] Failed to load resource: net::ERR_EMPTY_RESPONSE @ https://push2.eastmoney.com/api/qt/clist/get?fltt=1&invt=2&wbp2u=|0|0|0|web&cb=jQuery1124038728636185411025_1772197053099&fields=f12%2Cf13%2Cf14%2Cf1%2Cf2%2Cf4%2Cf11%2Cf152&fs=m%3A0%2Bt%3A6%2Cm%3A0%2Bt%3A80%2Cm%3A1%2Bt%3A2%2Cm%3A1%2Bt%3A23%2Cm%3A0%2Bt%3A81%2Bs%3A2048&ut=433fd2d0e98eaf36ad3d5001f088614d&fid=f11&po=1&pn=1&np=1&pz=3&dect=1&wbp2u=%26wbp2u%3D%7C0%7C0%7C0%7Cweb&_=1772197053100:0
[    1784ms] [ERROR] Failed to load resource: net::ERR_EMPTY_RESPONSE @ https://push2.eastmoney.com/api/qt/stock/get?cb=quotedelaytip0:0
