[GET] https://285.e-dunhuang.com/ => [200] OK
[GET] https://cdnjs.cloudflare.com/ajax/libs/Swiper/4.5.1/css/swiper.min.css => [200] 
[GET] https://res.wx.qq.com/open/js/jweixin-1.6.0.js => [200] 
[GET] https://tam.cdn-go.cn/aegis-sdk/latest/aegis.min.js => [200] 
[GET] https://dha-zhanlan-0gck1rr58ccf5639-1321012104.tcloudbaseapp.com/virtual/assets/index.6b1729ce.js => [200] 
[GET] https://dha-zhanlan-0gck1rr58ccf5639-1321012104.tcloudbaseapp.com/virtual/assets/index.53fed3d3.css => [200] 
[GET] https://rumt-zh.com/collect/pv?originFrom=https%3A%2F%2F285.e-dunhuang.com%2F%23%2F&id=ZtUfTXRVxgqBoUqzrW&uin=&version=1.43.51&aid=3da09c29-f8ce-4b7d-96e4-722f3080f062&env=production&platform=3&netType=4&vp=852%20*%20932&sr=1707%20*%201067&sessionId=session-a6d63895ce9f4aabba78c6e9c670acda&from=https%3A%2F%2F285.e-dunhuang.com%2F%23%2F&referer= => [204] 
[GET] https://analysis.e-dunhuang.com/matomo.js => [200] 
[GET] https://dldir1.qq.com/WechatWebDev/devPlatform/px.min.js => [200] OK
[GET] https://dha-zhanlan-0gck1rr58ccf5639-1321012104.tcloudbaseapp.com/virtual/fontResize.js => [200] 
[GET] https://dha-zhanlan-0gck1rr58ccf5639-1321012104.tcloudbaseapp.com/virtual/assets/index.f05b1ed5.js => [200] 
[GET] https://dha-zhanlan-0gck1rr58ccf5639-1321012104.tcloudbaseapp.com/virtual/assets/index.6bc83dfa.js => [200] 
[GET] https://dha-zhanlan-0gck1rr58ccf5639-1321012104.tcloudbaseapp.com/virtual/assets/envelope.d254e019.js => [200] 
[GET] https://dha-zhanlan-0gck1rr58ccf5639-1321012104.tcloudbaseapp.com/virtual/assets/envelope.65705cb3.css => [200] 
[GET] https://dha-zhanlan-0gck1rr58ccf5639-1321012104.tcloudbaseapp.com/virtual/assets/_plugin-vue_export-helper.cdc0426e.js => [200] 
[GET] https://dha-zhanlan-0gck1rr58ccf5639-1321012104.tcloudbaseapp.com/virtual/assets/close_m.e02c6171.js => [200] 
[GET] https://dha-zhanlan-0gck1rr58ccf5639-1321012104.tcloudbaseapp.com/virtual/assets/index.52b08063.css => [200] 
[GET] https://analysis.e-dunhuang.com/matomo.php?action_name=285.e-dunhuang.com%2F%E2%80%9C%E5%AF%BB%E5%A2%83%E6%95%A6%E7%85%8C%E2%80%9D%E8%99%9A%E6%8B%9F%E6%BC%AB%E6%B8%B8&idsite=7&rec=1&r=397044&h=11&m=38&s=22&url=https%3A%2F%2F285.e-dunhuang.com%2F%23%2F&_id=51ac114e6c7dd291&_idts=1772595503&_idvc=1&_idn=0&_refts=0&_viewts=1772595503&send_image=1&pdf=1&qt=0&realp=0&wma=0&dir=0&fla=0&java=0&gears=0&ag=0&cookie=1&res=1707x1067&gt_ms=31&pv_id=TcRlHT => [200] 
[GET] https://servicewechat.com/ob/getwxobmetadata => [200] OK
[GET] https://dha-zhanlan-0gck1rr58ccf5639-1321012104.tcloudbaseapp.com/virtual/assets/kaiti.0a2cd4d1.ttf => [200] 
[GET] https://dha-zhanlan-0gck1rr58ccf5639-1321012104.tcloudbaseapp.com/virtual/assets/285-16k.6a2cb2e1.jpg => [200] 
[GET] https://dha-zhanlan-0gck1rr58ccf5639-1321012104.tcloudbaseapp.com/virtual/assets/fire.db4e8037.svg => [200] 
[GET] https://dha-zhanlan-0gck1rr58ccf5639-1321012104.tcloudbaseapp.com/virtual/assets/dao_big.a41c1a9e.png => [200] 
[GET] https://dha-zhanlan-0gck1rr58ccf5639-1321012104.tcloudbaseapp.com/virtual/assets/btn-bg.be9ff388.png => [200] 
[GET] https://dha-zhanlan-0gck1rr58ccf5639-1321012104.tcloudbaseapp.com/virtual/assets/1.14c2bdb2.png => [200] 
[GET] https://dha-zhanlan-0gck1rr58ccf5639-1321012104.tcloudbaseapp.com/virtual/assets/1-line.9a08e139.png => [200] 
[GET] https://dha-zhanlan-0gck1rr58ccf5639-1321012104.tcloudbaseapp.com/virtual/assets/loading.9b70fb72.mp4 => [206] 
[GET] https://dha-zhanlan-0gck1rr58ccf5639-1321012104.tcloudbaseapp.com/virtual/assets/loadingLoop.f103d510.mp4 => [206] 
[GET] https://dha-zhanlan-0gck1rr58ccf5639-1321012104.tcloudbaseapp.com/virtual/assets/1.554d4ab7.mp4 => [206] 
[GET] https://dha-zhanlan-0gck1rr58ccf5639-1321012104.tcloudbaseapp.com/virtual/assets/2.cf829bea.mp4 => [206] 
[GET] https://dha-zhanlan-0gck1rr58ccf5639-1321012104.tcloudbaseapp.com/virtual/assets/flower-part.9e174e8d.mp3 => [206] 
[GET] https://dha-zhanlan-0gck1rr58ccf5639-1321012104.tcloudbaseapp.com/virtual/assets/2.0ed86ce1.png => [200] 
[GET] https://dha-zhanlan-0gck1rr58ccf5639-1321012104.tcloudbaseapp.com/virtual/assets/2-line.d4293709.png => [200] 
[GET] https://dha-zhanlan-0gck1rr58ccf5639-1321012104.tcloudbaseapp.com/virtual/assets/3.d488ac7f.png => [200] 
[GET] https://dha-zhanlan-0gck1rr58ccf5639-1321012104.tcloudbaseapp.com/virtual/assets/3-line.7637e190.png => [200] 
[GET] https://dha-zhanlan-0gck1rr58ccf5639-1321012104.tcloudbaseapp.com/virtual/assets/4.b0918500.png => [200] 
[GET] https://dha-zhanlan-0gck1rr58ccf5639-1321012104.tcloudbaseapp.com/virtual/assets/4-line.586ebb7e.png => [200] 
[GET] https://servicewechat.com/ob/getcloudstoragefederationtoken => [200] OK
[GET] https://dldir1.qq.com/WechatWebDev/devPlatform/evd-web.min.js => [200] OK
[GET] https://dldir1.qq.com/WechatWebDev/devPlatform/hm-web.min.js => [200] OK
[GET] https://dha-zhanlan-0gck1rr58ccf5639-1321012104.tcloudbaseapp.com/virtual/assets/5.23c8d715.png => [200] 
[GET] https://dha-zhanlan-0gck1rr58ccf5639-1321012104.tcloudbaseapp.com/virtual/assets/5-line.70f43f19.png => [200] 
[GET] https://dha-zhanlan-0gck1rr58ccf5639-1321012104.tcloudbaseapp.com/virtual/assets/6.a6c8b6c7.png => [200] 
[GET] https://dha-zhanlan-0gck1rr58ccf5639-1321012104.tcloudbaseapp.com/virtual/assets/6-line.17743371.png => [200] 
[GET] https://dha-zhanlan-0gck1rr58ccf5639-1321012104.tcloudbaseapp.com/virtual/assets/7.da889256.png => [200] 
[GET] https://dha-zhanlan-0gck1rr58ccf5639-1321012104.tcloudbaseapp.com/virtual/assets/7-line.34e309a9.png => [200] 
[POST] https://servicewechat.com/ob/sdkmonitor => [200] OK
[GET] https://dha-zhanlan-0gck1rr58ccf5639-1321012104.tcloudbaseapp.com/virtual/assets/grass_00000.17667b89.png => [200] 
[GET] https://dha-zhanlan-0gck1rr58ccf5639-1321012104.tcloudbaseapp.com/virtual/assets/grass_00001.0695d82c.png => [200] 
[GET] https://rumt-zh.com/collect/whitelist?id=ZtUfTXRVxgqBoUqzrW&uin=&version=1.43.51&aid=3da09c29-f8ce-4b7d-96e4-722f3080f062&env=production&platform=3&netType=4&vp=852%20*%20932&sr=1707%20*%201067&sessionId=session-a6d63895ce9f4aabba78c6e9c670acda&from=https%3A%2F%2F285.e-dunhuang.com%2F%23%2F&referer= => [200] 
[GET] https://dha-zhanlan-0gck1rr58ccf5639-1321012104.tcloudbaseapp.com/virtual/assets/grass_00002.fec2987d.png => [200] 
[GET] https://dha-zhanlan-0gck1rr58ccf5639-1321012104.tcloudbaseapp.com/virtual/assets/grass_00003.0f5f2370.png => [200] 
[GET] https://dha-zhanlan-0gck1rr58ccf5639-1321012104.tcloudbaseapp.com/virtual/assets/grass_00004.8e3ace43.png => [200] 
[GET] https://dha-zhanlan-0gck1rr58ccf5639-1321012104.tcloudbaseapp.com/virtual/assets/grass_00005.49048b55.png => [200] 
[GET] https://dha-zhanlan-0gck1rr58ccf5639-1321012104.tcloudbaseapp.com/virtual/assets/grass_00006.6491c55a.png => [200] 
[GET] https://dha-zhanlan-0gck1rr58ccf5639-1321012104.tcloudbaseapp.com/virtual/assets/grass_00007.bc76a1ab.png => [200] 
[GET] https://dha-zhanlan-0gck1rr58ccf5639-1321012104.tcloudbaseapp.com/virtual/assets/grass_00008.546e7e7a.png => [200] 
[POST] https://servicewechat.com/ob/objectexist => [200] OK
[GET] https://dha-zhanlan-0gck1rr58ccf5639-1321012104.tcloudbaseapp.com/virtual/assets/grass_00009.aa999668.png => [200] 
[GET] https://dha-zhanlan-0gck1rr58ccf5639-1321012104.tcloudbaseapp.com/virtual/assets/grass_00010.738eea30.png => [200] 
[GET] https://dha-zhanlan-0gck1rr58ccf5639-1321012104.tcloudbaseapp.com/virtual/assets/grass_00011.71fdc61f.png => [200] 
[GET] https://dha-zhanlan-0gck1rr58ccf5639-1321012104.tcloudbaseapp.com/virtual/assets/grass_00012.d19196c0.png => [200] 
[GET] https://dha-zhanlan-0gck1rr58ccf5639-1321012104.tcloudbaseapp.com/virtual/assets/grass_00013.250bbd98.png => [200] 
[GET] https://dha-zhanlan-0gck1rr58ccf5639-1321012104.tcloudbaseapp.com/virtual/assets/grass_00014.ab9f2946.png => [200] 
[GET] https://dha-zhanlan-0gck1rr58ccf5639-1321012104.tcloudbaseapp.com/virtual/assets/grass_00015.90c0355d.png => [200] 
[GET] https://dha-zhanlan-0gck1rr58ccf5639-1321012104.tcloudbaseapp.com/virtual/assets/grass_00016.bf79496d.png => [200] 
[GET] https://dha-zhanlan-0gck1rr58ccf5639-1321012104.tcloudbaseapp.com/virtual/assets/grass_00017.7267452c.png => [200] 
[GET] https://dha-zhanlan-0gck1rr58ccf5639-1321012104.tcloudbaseapp.com/virtual/assets/grass_00018.66337be9.png => [200] 
[GET] https://dha-zhanlan-0gck1rr58ccf5639-1321012104.tcloudbaseapp.com/virtual/assets/grass_00019.d2b30491.png => [200] 
[GET] https://dha-zhanlan-0gck1rr58ccf5639-1321012104.tcloudbaseapp.com/virtual/assets/grass_00020.691257cb.png => [200] 
[GET] https://dha-zhanlan-0gck1rr58ccf5639-1321012104.tcloudbaseapp.com/virtual/assets/grass_00021.e745c902.png => [200] 
[GET] https://dha-zhanlan-0gck1rr58ccf5639-1321012104.tcloudbaseapp.com/virtual/assets/grass_00022.cf2698dc.png => [200] 
[GET] https://dha-zhanlan-0gck1rr58ccf5639-1321012104.tcloudbaseapp.com/virtual/assets/grass_00023.8c5e3c73.png => [200] 
[GET] https://dha-zhanlan-0gck1rr58ccf5639-1321012104.tcloudbaseapp.com/virtual/assets/grass_00024.b132fabc.png => [200] 
[GET] https://dha-zhanlan-0gck1rr58ccf5639-1321012104.tcloudbaseapp.com/virtual/assets/enter-cavern2.fee08394.png => [200] 
[POST] https://servicewechat.com/ob/sdkmonitor => [200] OK
[GET] https://servicewechat.com/ob/getcloudstoragefederationtoken => [200] OK
[POST] https://servicewechat.com/ob/sdkmonitor => [200] OK
[POST] https://rumt-zh.com/collect?from=https%3A%2F%2F285.e-dunhuang.com%2F%23%2F&id=ZtUfTXRVxgqBoUqzrW&uin=&version=1.43.51&aid=3da09c29-f8ce-4b7d-96e4-722f3080f062&env=production&platform=3&netType=4&vp=852%20*%20932&sr=1707%20*%201067&sessionId=session-a6d63895ce9f4aabba78c6e9c670acda&referer= => [204] 
[POST] https://servicewechat.com/ob/sdkmonitor => [200] OK
[GET] https://servicewechat.com/ob/getcloudstoragefederationtoken => [200] OK
[POST] https://servicewechat.com/ob/sdkmonitor => [200] OK
[POST] https://servicewechat.com/ob/sdkmonitor => [200] OK
[GET] https://rumt-zh.com/speed/performance?dnsLookup=9&tcp=26&ssl=16&ttfb=29&contentDownload=2&domParse=366&resourceDownload=1159&firstScreenTiming=759&from=https%3A%2F%2F285.e-dunhuang.com%2F%23%2F&id=ZtUfTXRVxgqBoUqzrW&uin=&version=1.43.51&aid=3da09c29-f8ce-4b7d-96e4-722f3080f062&env=production&platform=3&netType=4&vp=852%20*%20932&sr=1707%20*%201067&sessionId=session-a6d63895ce9f4aabba78c6e9c670acda&referer=& => [204] 
[GET] https://servicewechat.com/ob/getcloudstoragefederationtoken => [200] OK
[POST] https://servicewechat.com/ob/sdkmonitor => [200] OK
[GET] https://servicewechat.com/ob/getcloudstoragefederationtoken => [200] OK
[POST] https://servicewechat.com/ob/sdkmonitor => [200] OK
[POST] https://servicewechat.com/ob/sdkmonitor => [200] OK
[GET] https://servicewechat.com/ob/getcloudstoragefederationtoken => [200] OK
[POST] https://servicewechat.com/ob/sdkmonitor => [200] OK
[POST] https://rumt-zh.com/speed?from=https%3A%2F%2F285.e-dunhuang.com%2F%23%2F&id=ZtUfTXRVxgqBoUqzrW&uin=&version=1.43.51&aid=3da09c29-f8ce-4b7d-96e4-722f3080f062&env=production&platform=3&netType=4&vp=852%20*%20932&sr=1707%20*%201067&sessionId=session-a6d63895ce9f4aabba78c6e9c670acda&referer= => [204] 
[GET] https://servicewechat.com/ob/getcloudstoragefederationtoken => [200] OK
[POST] https://servicewechat.com/ob/sdkmonitor => [200] OK
[GET] https://servicewechat.com/ob/getcloudstoragefederationtoken => [200] OK
[POST] https://servicewechat.com/ob/sdkmonitor => [200] OK
[POST] https://servicewechat.com/ob/sdkmonitor => [200] OK
[GET] https://servicewechat.com/ob/getcloudstoragefederationtoken => [200] OK
[POST] https://servicewechat.com/ob/sdkmonitor => [200] OK
[GET] https://servicewechat.com/ob/getcloudstoragefederationtoken => [200] OK
[POST] https://servicewechat.com/ob/sdkmonitor => [200] OK
[POST] https://servicewechat.com/ob/sdkmonitor => [200] OK
[GET] https://servicewechat.com/ob/getcloudstoragefederationtoken => [200] OK
[POST] https://servicewechat.com/ob/sdkmonitor => [200] OK
[GET] https://servicewechat.com/ob/getcloudstoragefederationtoken => [200] OK
[POST] https://servicewechat.com/ob/sdkmonitor => [200] OK
[POST] https://servicewechat.com/ob/sdkmonitor => [200] OK
[GET] https://servicewechat.com/ob/getcloudstoragefederationtoken => [200] OK
[POST] https://servicewechat.com/ob/sdkmonitor => [200] OK
[GET] https://servicewechat.com/ob/getcloudstoragefederationtoken => [200] OK
[POST] https://servicewechat.com/ob/sdkmonitor => [200] OK
[GET] https://servicewechat.com/ob/getcloudstoragefederationtoken => [200] OK
[POST] https://servicewechat.com/ob/sdkmonitor => [200] OK
[POST] https://servicewechat.com/ob/sdkmonitor => [200] OK
[GET] https://dha-zhanlan-0gck1rr58ccf5639-1321012104.tcloudbaseapp.com/virtual/assets/2.cf829bea.mp4 => [206] 
[GET] https://dha-zhanlan-0gck1rr58ccf5639-1321012104.tcloudbaseapp.com/virtual/assets/flower-part.9e174e8d.mp3 => [206] 
[GET] https://servicewechat.com/ob/getcloudstoragefederationtoken => [200] OK
[POST] https://servicewechat.com/ob/sdkmonitor => [200] OK
[POST] https://rumt-zh.com/speed?from=https%3A%2F%2F285.e-dunhuang.com%2F%23%2F&id=ZtUfTXRVxgqBoUqzrW&uin=&version=1.43.51&aid=3da09c29-f8ce-4b7d-96e4-722f3080f062&env=production&platform=3&netType=4&vp=852%20*%20932&sr=1707%20*%201067&sessionId=session-a6d63895ce9f4aabba78c6e9c670acda&referer= => [204] 
[GET] https://servicewechat.com/ob/getcloudstoragefederationtoken => [200] OK
[POST] https://servicewechat.com/ob/sdkmonitor => [200] OK
[POST] https://servicewechat.com/ob/sdkmonitor => [200] OK
[GET] https://servicewechat.com/ob/getcloudstoragefederationtoken => [200] OK
[POST] https://servicewechat.com/ob/sdkmonitor => [200] OK
[GET] https://servicewechat.com/ob/getcloudstoragefederationtoken => [200] OK
[POST] https://servicewechat.com/ob/sdkmonitor => [200] OK
[POST] https://servicewechat.com/ob/sdkmonitor => [200] OK
[GET] https://servicewechat.com/ob/getcloudstoragefederationtoken => [200] OK
[POST] https://servicewechat.com/ob/sdkmonitor => [200] OK
[GET] https://servicewechat.com/ob/getcloudstoragefederationtoken => [200] OK
[POST] https://servicewechat.com/ob/sdkmonitor => [200] OK
[GET] https://servicewechat.com/ob/getcloudstoragefederationtoken => [200] OK
[POST] https://servicewechat.com/ob/sdkmonitor => [200] OK
[POST] https://servicewechat.com/ob/sdkmonitor => [200] OK
[GET] https://servicewechat.com/ob/getcloudstoragefederationtoken => [200] OK
[POST] https://servicewechat.com/ob/sdkmonitor => [200] OK
[GET] https://servicewechat.com/ob/getcloudstoragefederationtoken => [200] OK
[POST] https://servicewechat.com/ob/sdkmonitor => [200] OK
[POST] https://servicewechat.com/ob/sdkmonitor => [200] OK
[GET] https://servicewechat.com/ob/getcloudstoragefederationtoken => [200] OK
[POST] https://servicewechat.com/ob/sdkmonitor => [200] OK
[GET] https://servicewechat.com/ob/getcloudstoragefederationtoken => [200] OK
[POST] https://servicewechat.com/ob/sdkmonitor => [200] OK