[GET] https://reall3d.com/reall3dviewer/demo-tv/index.html => [200] OK
[GET] https://reall3d.com/reall3dviewer/demo-tv/assets/entry-HjJ6WKde.js => [200] OK
[GET] https://reall3d.com/reall3dviewer/demo-tv/assets/chunk-COXt3IS4.js => [200] OK
[GET] https://reall3d.com/reall3dviewer/demo-tv/assets/asset-BX4Rh3cr.css => [200] OK
[GET] https://reall3d.com/reall3dviewer/demo-tv/img/p1.jpg => [200] OK
[GET] https://reall3d.com/reall3dviewer/demo-tv/img/p2.jpg => [200] OK
[GET] https://reall3d.com/reall3dviewer/demo-tv/img/p3.jpg => [200] OK
[GET] https://reall3d.com/reall3dviewer/demo-tv/img/p4.jpg => [200] OK
[GET] https://reall3d.com/reall3dviewer/demo-tv/demo-models/demo/background1.mp3 => [200] OK
[GET] https://reall3d.com/reall3dviewer/demo-tv/demo-models/map/00.scenes.json => [200] OK
[GET] https://reall3d.com/reall3dviewer/demo-tv/demo-models/map/xcsghj.scene.json => [200] OK
[GET] https://reall3d.com/reall3dviewer/demo-tv/demo-models/map/wlh.scene.json => [200] OK
[GET] https://reall3d.com/reall3dviewer/demo-tv/demo-models/map/tjg.scene.json => [200] OK
[GET] https://reall3d.com/reall3dviewer/demo-tv/demo-models/map/jts.scene.json => [200] OK
[GET] https://reall3d.com/reall3dviewer/demo-tv/demo-models/map/thy.scene.json => [200] OK
[GET] https://reall3d.com/reall3dviewer/demo-tv/demo-models/map/xcskyxq.scene.json => [200] OK
[GET] https://reall3d.com/reall3dviewer/demo-tv/demo-models/map/nfkdjhjs.scene.json => [200] OK
[GET] https://reall3d.com/reall3dviewer/demo-tv/demo-models/map/xzsys.scene.json => [200] OK
[GET] https://reall3d.com/reall3dviewer/demo-tv/demo-models/map/fjdkkjzhl.scene.json => [200] OK
[GET] https://reall3d.com/reall3dviewer/demo-tv/demo-models/map/xcslzyyy.scene.json => [200] OK
[GET] https://reall3d.com/reall3dviewer/demo-tv/demo-models/map/lndx.scene.json => [200] OK
[GET] https://reall3d.com/reall3dviewer/demo-tv/demo-models/map/xcsmxgy.scene.json => [200] OK
[GET] https://reall3d.com/reall3dviewer/demo-tv/demo-models/map/jxcjzyxy.scene.json => [200] OK
[GET] https://reall3d.com/reall3dviewer/demo-tv/demo-models/map/yxssjy.scene.json => [200] OK
[GET] https://reall3d.com/reall3dviewer/demo-tv/demo-models/map/ytjng.scene.json => [200] OK
[GET] https://reall3d.com/reall3dviewer/demo-tv/demo-models/map/tangzx.scene.json => [200] OK
[GET] https://reall3d.com/reall3dviewer/demo-tv/demo-models/map/xcssdds.scene.json => [200] OK
[GET] https://reall3d.com/reall3dviewer/demo-tv/demo-models/map/sysdgy.scene.json => [200] OK
[GET] https://reall3d.com/reall3dviewer/demo-tv/demo-models/map/tht.scene.json => [200] OK
[GET] https://t0.tianditu.gov.cn/DataServer?T=img_w&x=1&y=0&l=2&tk=7f8f4f56f3ccda758f9a497e2b981018 => [200] OK
[GET] https://t2.tianditu.gov.cn/DataServer?T=cia_w&x=1&y=0&l=2&tk=7f8f4f56f3ccda758f9a497e2b981018 => [200] OK
[GET] https://t4.tianditu.gov.cn/DataServer?T=img_w&x=2&y=0&l=2&tk=7f8f4f56f3ccda758f9a497e2b981018 => [200] OK
[GET] https://t3.tianditu.gov.cn/DataServer?T=cia_w&x=2&y=0&l=2&tk=7f8f4f56f3ccda758f9a497e2b981018 => [200] OK
[GET] https://t4.tianditu.gov.cn/DataServer?T=img_w&x=1&y=1&l=2&tk=7f8f4f56f3ccda758f9a497e2b981018 => [200] OK
[GET] https://t4.tianditu.gov.cn/DataServer?T=cia_w&x=1&y=1&l=2&tk=7f8f4f56f3ccda758f9a497e2b981018 => [200] OK
[GET] https://t1.tianditu.gov.cn/DataServer?T=img_w&x=2&y=1&l=2&tk=7f8f4f56f3ccda758f9a497e2b981018 => [200] OK
[GET] https://t4.tianditu.gov.cn/DataServer?T=cia_w&x=2&y=1&l=2&tk=7f8f4f56f3ccda758f9a497e2b981018 => [200] OK
[GET] https://t0.tianditu.gov.cn/DataServer?T=img_w&x=3&y=0&l=2&tk=7f8f4f56f3ccda758f9a497e2b981018 => [200] OK
[GET] https://t1.tianditu.gov.cn/DataServer?T=cia_w&x=3&y=0&l=2&tk=7f8f4f56f3ccda758f9a497e2b981018 => [200] OK
[GET] https://t2.tianditu.gov.cn/DataServer?T=img_w&x=0&y=0&l=2&tk=7f8f4f56f3ccda758f9a497e2b981018 => [200] OK
[GET] https://t1.tianditu.gov.cn/DataServer?T=cia_w&x=0&y=0&l=2&tk=7f8f4f56f3ccda758f9a497e2b981018 => [200] OK
[GET] https://t3.tianditu.gov.cn/DataServer?T=img_w&x=3&y=1&l=2&tk=7f8f4f56f3ccda758f9a497e2b981018 => [200] OK
[GET] https://t3.tianditu.gov.cn/DataServer?T=cia_w&x=3&y=1&l=2&tk=7f8f4f56f3ccda758f9a497e2b981018 => [200] OK
[GET] https://t0.tianditu.gov.cn/DataServer?T=img_w&x=0&y=1&l=2&tk=7f8f4f56f3ccda758f9a497e2b981018 => [200] OK
[GET] https://t4.tianditu.gov.cn/DataServer?T=cia_w&x=0&y=1&l=2&tk=7f8f4f56f3ccda758f9a497e2b981018 => [200] OK
[GET] blob:https://reall3d.com/ab57cf34-08c7-420d-ae7d-da56b1812541 => [200] OK
[GET] blob:https://reall3d.com/212abfd2-6afd-432b-ad13-5ec0ebdaaa52 => [200] OK
[GET] blob:https://reall3d.com/19a8e3e6-4185-4532-a8a8-f219550cf229 => [200] OK
[GET] blob:https://reall3d.com/32507c82-7f55-46d9-a33c-da81852ba1cd => [200] OK
[GET] blob:https://reall3d.com/0646a8f1-87e2-4bbe-ac1d-2f943113f11e => [200] OK
[GET] blob:https://reall3d.com/b8f15fad-c502-44e7-b2a0-cf5c0717c752 => [200] OK
[GET] blob:https://reall3d.com/86fe1b66-d984-4bd7-bd3f-11dddb48c8a7 => [200] OK
[GET] blob:https://reall3d.com/dac749f7-e3da-4178-a29f-4c1d73482f2c => [200] OK
[GET] blob:https://reall3d.com/1205d7e6-28c6-4f0f-b7ff-b4a146343db8 => [200] OK
[GET] blob:https://reall3d.com/a515ba5a-a36d-4193-8a8c-2c367cc6cab9 => [200] OK
[GET] blob:https://reall3d.com/d5b7fc62-4828-4363-b93c-7916b5e612cc => [200] OK
[GET] blob:https://reall3d.com/e385d7ad-cc6f-4eea-915e-24d308bfe415 => [200] OK
[GET] blob:https://reall3d.com/a2a0225b-ac29-46c8-9e5a-395258f5fda3 => [200] OK
[GET] blob:https://reall3d.com/a6080c01-6326-4aef-80dc-ea36f8e78632 => [200] OK
[GET] blob:https://reall3d.com/f7e7c646-5feb-4bec-894a-f27be0cb7dec => [200] OK
[GET] blob:https://reall3d.com/6c7598c4-f45d-4367-9c36-2ceb14788dde => [200] OK
[GET] https://t1.tianditu.gov.cn/DataServer?T=img_w&x=6&y=2&l=3&tk=7f8f4f56f3ccda758f9a497e2b981018 => [200] OK
[GET] https://t0.tianditu.gov.cn/DataServer?T=cia_w&x=6&y=2&l=3&tk=7f8f4f56f3ccda758f9a497e2b981018 => [200] OK
[GET] https://t3.tianditu.gov.cn/DataServer?T=img_w&x=7&y=2&l=3&tk=7f8f4f56f3ccda758f9a497e2b981018 => [200] OK
[GET] https://t2.tianditu.gov.cn/DataServer?T=cia_w&x=7&y=2&l=3&tk=7f8f4f56f3ccda758f9a497e2b981018 => [200] OK
[GET] https://t1.tianditu.gov.cn/DataServer?T=img_w&x=6&y=3&l=3&tk=7f8f4f56f3ccda758f9a497e2b981018 => [200] OK
[GET] https://t0.tianditu.gov.cn/DataServer?T=cia_w&x=6&y=3&l=3&tk=7f8f4f56f3ccda758f9a497e2b981018 => [200] OK
[GET] https://t0.tianditu.gov.cn/DataServer?T=img_w&x=7&y=3&l=3&tk=7f8f4f56f3ccda758f9a497e2b981018 => [200] OK
[GET] https://t1.tianditu.gov.cn/DataServer?T=cia_w&x=7&y=3&l=3&tk=7f8f4f56f3ccda758f9a497e2b981018 => [200] OK
[GET] blob:https://reall3d.com/c9d495c6-6317-4175-8405-100034f45e41 => [200] OK
[GET] blob:https://reall3d.com/d685a424-0fc8-458e-bbff-f9648ea5f9c7 => [200] OK
[GET] blob:https://reall3d.com/6c400bfa-4e43-4c33-af32-672ed6c5f22d => [200] OK
[GET] blob:https://reall3d.com/c3aeeddb-50f3-4d6b-b433-95cfb952dc64 => [200] OK
[GET] blob:https://reall3d.com/bcbc50a9-efcc-4453-b4cd-b733a7f62b8b => [200] OK
[GET] blob:https://reall3d.com/979c7642-9d28-4588-aec6-a073eb7e1532 => [200] OK
[GET] blob:https://reall3d.com/51ec839a-e425-42ed-9a4a-5d4df23e213d => [200] OK
[GET] blob:https://reall3d.com/9e780916-e90e-4f39-8b2f-fe66e65ea6c8 => [200] OK
[GET] blob:https://reall3d.com/b7c7308a-5071-45c0-b334-f9fa78f4d853 => [200] OK
[GET] https://t2.tianditu.gov.cn/DataServer?T=img_w&x=12&y=6&l=4&tk=7f8f4f56f3ccda758f9a497e2b981018 => [200] OK
[GET] https://t3.tianditu.gov.cn/DataServer?T=cia_w&x=12&y=6&l=4&tk=7f8f4f56f3ccda758f9a497e2b981018 => [200] OK
[GET] https://t4.tianditu.gov.cn/DataServer?T=img_w&x=13&y=6&l=4&tk=7f8f4f56f3ccda758f9a497e2b981018 => [200] OK
[GET] https://t1.tianditu.gov.cn/DataServer?T=cia_w&x=13&y=6&l=4&tk=7f8f4f56f3ccda758f9a497e2b981018 => [200] OK
[GET] https://t1.tianditu.gov.cn/DataServer?T=img_w&x=12&y=7&l=4&tk=7f8f4f56f3ccda758f9a497e2b981018 => [200] OK
[GET] https://t3.tianditu.gov.cn/DataServer?T=cia_w&x=12&y=7&l=4&tk=7f8f4f56f3ccda758f9a497e2b981018 => [200] OK
[GET] https://t0.tianditu.gov.cn/DataServer?T=img_w&x=13&y=7&l=4&tk=7f8f4f56f3ccda758f9a497e2b981018 => [200] OK
[GET] https://t4.tianditu.gov.cn/DataServer?T=cia_w&x=13&y=7&l=4&tk=7f8f4f56f3ccda758f9a497e2b981018 => [200] OK
[GET] blob:https://reall3d.com/d8279c46-d8e5-4522-99ca-f5f84de90417 => [200] OK
[GET] blob:https://reall3d.com/0dd8e346-b744-4473-8dd9-8936f2f91b79 => [200] OK
[GET] blob:https://reall3d.com/6681b49c-9f79-406d-8afb-e20f25ee89b2 => [200] OK
[GET] blob:https://reall3d.com/ef867752-d72f-4e88-8fe6-f0e5d58c1c54 => [200] OK
[GET] blob:https://reall3d.com/9ffcbffe-04d6-4550-a220-4a0cf9de25ed => [200] OK
[GET] blob:https://reall3d.com/b23ff51a-95eb-4589-84e4-155d87a3b934 => [200] OK
[GET] blob:https://reall3d.com/2aef3e70-099d-41cc-86fe-eade061e53fd => [200] OK
[GET] blob:https://reall3d.com/293022bb-49ae-4ac2-a532-39d79f6e16c5 => [200] OK
[GET] https://t2.tianditu.gov.cn/DataServer?T=img_w&x=26&y=12&l=5&tk=7f8f4f56f3ccda758f9a497e2b981018 => [200] OK
[GET] https://t0.tianditu.gov.cn/DataServer?T=cia_w&x=26&y=12&l=5&tk=7f8f4f56f3ccda758f9a497e2b981018 => [200] OK
[GET] https://t0.tianditu.gov.cn/DataServer?T=img_w&x=27&y=12&l=5&tk=7f8f4f56f3ccda758f9a497e2b981018 => [200] OK
[GET] https://t1.tianditu.gov.cn/DataServer?T=cia_w&x=27&y=12&l=5&tk=7f8f4f56f3ccda758f9a497e2b981018 => [200] OK
[GET] https://t3.tianditu.gov.cn/DataServer?T=img_w&x=26&y=13&l=5&tk=7f8f4f56f3ccda758f9a497e2b981018 => [200] OK
[GET] https://t1.tianditu.gov.cn/DataServer?T=cia_w&x=26&y=13&l=5&tk=7f8f4f56f3ccda758f9a497e2b981018 => [200] OK
[GET] https://t2.tianditu.gov.cn/DataServer?T=img_w&x=27&y=13&l=5&tk=7f8f4f56f3ccda758f9a497e2b981018 => [200] OK
[GET] https://t1.tianditu.gov.cn/DataServer?T=cia_w&x=27&y=13&l=5&tk=7f8f4f56f3ccda758f9a497e2b981018 => [200] OK
[GET] blob:https://reall3d.com/4850e26c-b8a9-4f46-a582-c90d97062041 => [200] OK
[GET] blob:https://reall3d.com/f6641fa3-559e-4e17-83c4-931a6b03d8f5 => [200] OK
[GET] blob:https://reall3d.com/4059b380-4554-489e-b291-2a5b10f9c923 => [200] OK
[GET] blob:https://reall3d.com/025a8dc0-34cf-4d82-85a0-3637aeef4b17 => [200] OK
[GET] blob:https://reall3d.com/29d85448-f8e5-40f9-ad1b-3a1cf8668aeb => [200] OK
[GET] blob:https://reall3d.com/68d61a53-8d55-4591-b98a-69d861e704eb => [200] OK
[GET] blob:https://reall3d.com/bc8feda7-b672-4095-aa2b-301910190cc9 => [200] OK
[GET] blob:https://reall3d.com/96fd685e-05d1-4e81-9366-fb7ff8aa0987 => [200] OK
[GET] https://t2.tianditu.gov.cn/DataServer?T=img_w&x=52&y=26&l=6&tk=7f8f4f56f3ccda758f9a497e2b981018 => [200] OK
[GET] https://t1.tianditu.gov.cn/DataServer?T=cia_w&x=52&y=26&l=6&tk=7f8f4f56f3ccda758f9a497e2b981018 => [200] OK
[GET] https://t2.tianditu.gov.cn/DataServer?T=img_w&x=53&y=26&l=6&tk=7f8f4f56f3ccda758f9a497e2b981018 => [200] OK
[GET] https://t3.tianditu.gov.cn/DataServer?T=cia_w&x=53&y=26&l=6&tk=7f8f4f56f3ccda758f9a497e2b981018 => [200] OK
[GET] https://t0.tianditu.gov.cn/DataServer?T=img_w&x=52&y=27&l=6&tk=7f8f4f56f3ccda758f9a497e2b981018 => [200] OK
[GET] https://t1.tianditu.gov.cn/DataServer?T=cia_w&x=52&y=27&l=6&tk=7f8f4f56f3ccda758f9a497e2b981018 => [200] OK
[GET] https://t4.tianditu.gov.cn/DataServer?T=img_w&x=53&y=27&l=6&tk=7f8f4f56f3ccda758f9a497e2b981018 => [200] OK
[GET] https://t4.tianditu.gov.cn/DataServer?T=cia_w&x=53&y=27&l=6&tk=7f8f4f56f3ccda758f9a497e2b981018 => [200] OK
[GET] blob:https://reall3d.com/1db26b2e-da83-413d-a89a-91c0c4ec99cd => [200] OK
[GET] blob:https://reall3d.com/f3d189df-fd46-41da-a124-a3ea0e97c351 => [200] OK
[GET] blob:https://reall3d.com/b83d6304-745a-4f35-a091-582d5058c450 => [200] OK
[GET] blob:https://reall3d.com/5c6f917e-bdb6-4774-821f-77ea7684c0ed => [200] OK
[GET] blob:https://reall3d.com/76f44434-55c1-4d10-bc97-cd1af5ccaf89 => [200] OK
[GET] blob:https://reall3d.com/4ffcc040-ff4d-48eb-ba27-fe155d6d8c19 => [200] OK
[GET] blob:https://reall3d.com/45fca385-02d0-41b4-9e95-c1b9a78b2b71 => [200] OK
[GET] blob:https://reall3d.com/edd6f00b-a39d-4ab0-89ef-bc0bd5700b80 => [200] OK
[GET] https://t1.tianditu.gov.cn/DataServer?T=img_w&x=106&y=52&l=7&tk=7f8f4f56f3ccda758f9a497e2b981018 => [200] OK
[GET] https://t1.tianditu.gov.cn/DataServer?T=cia_w&x=106&y=52&l=7&tk=7f8f4f56f3ccda758f9a497e2b981018 => [200] OK
[GET] https://t1.tianditu.gov.cn/DataServer?T=img_w&x=107&y=52&l=7&tk=7f8f4f56f3ccda758f9a497e2b981018 => [200] OK
[GET] https://t3.tianditu.gov.cn/DataServer?T=cia_w&x=107&y=52&l=7&tk=7f8f4f56f3ccda758f9a497e2b981018 => [200] OK
[GET] https://t2.tianditu.gov.cn/DataServer?T=img_w&x=106&y=53&l=7&tk=7f8f4f56f3ccda758f9a497e2b981018 => [200] OK
[GET] https://t4.tianditu.gov.cn/DataServer?T=cia_w&x=106&y=53&l=7&tk=7f8f4f56f3ccda758f9a497e2b981018 => [200] OK
[GET] https://t0.tianditu.gov.cn/DataServer?T=img_w&x=107&y=53&l=7&tk=7f8f4f56f3ccda758f9a497e2b981018 => [200] OK
[GET] https://t3.tianditu.gov.cn/DataServer?T=cia_w&x=107&y=53&l=7&tk=7f8f4f56f3ccda758f9a497e2b981018 => [200] OK
[GET] blob:https://reall3d.com/2a0fe3cd-2859-4fe9-b38f-d3e90faa5f2d => [200] OK
[GET] blob:https://reall3d.com/a3398824-5e45-4df6-ac31-65b39a3e8140 => [200] OK
[GET] blob:https://reall3d.com/c01cb220-a305-4fdf-9714-546b8519d013 => [200] OK
[GET] blob:https://reall3d.com/701ed4a5-911c-4c26-8746-aac8d1792097 => [200] OK
[GET] blob:https://reall3d.com/d4c3b543-80c0-4929-b5bb-9e489769fadd => [200] OK
[GET] blob:https://reall3d.com/ae6431e9-8074-4a61-a7b0-7079b91c8f2b => [200] OK
[GET] blob:https://reall3d.com/de1ba040-fe67-4c30-99b9-47551fcc1110 => [200] OK
[GET] blob:https://reall3d.com/8cf9a765-023b-4c38-a7ff-7096873414ec => [200] OK
[GET] https://t4.tianditu.gov.cn/DataServer?T=img_w&x=212&y=104&l=8&tk=7f8f4f56f3ccda758f9a497e2b981018 => [200] OK
[GET] https://t4.tianditu.gov.cn/DataServer?T=cia_w&x=212&y=104&l=8&tk=7f8f4f56f3ccda758f9a497e2b981018 => [200] OK
[GET] https://t3.tianditu.gov.cn/DataServer?T=img_w&x=213&y=104&l=8&tk=7f8f4f56f3ccda758f9a497e2b981018 => [200] OK
[GET] https://t3.tianditu.gov.cn/DataServer?T=cia_w&x=213&y=104&l=8&tk=7f8f4f56f3ccda758f9a497e2b981018 => [200] OK
[GET] https://t3.tianditu.gov.cn/DataServer?T=img_w&x=212&y=105&l=8&tk=7f8f4f56f3ccda758f9a497e2b981018 => [200] OK
[GET] https://t0.tianditu.gov.cn/DataServer?T=cia_w&x=212&y=105&l=8&tk=7f8f4f56f3ccda758f9a497e2b981018 => [200] OK
[GET] https://t1.tianditu.gov.cn/DataServer?T=img_w&x=213&y=105&l=8&tk=7f8f4f56f3ccda758f9a497e2b981018 => [200] OK
[GET] https://t2.tianditu.gov.cn/DataServer?T=cia_w&x=213&y=105&l=8&tk=7f8f4f56f3ccda758f9a497e2b981018 => [200] OK
[GET] blob:https://reall3d.com/0aca8423-1e97-4d75-b991-a9125f7d80a1 => [200] OK
[GET] blob:https://reall3d.com/9729edfc-5241-4c55-a750-53108753eedf => [200] OK
[GET] blob:https://reall3d.com/2365a045-bc85-447c-befc-52c15259adcd => [200] OK
[GET] blob:https://reall3d.com/dbff8a6e-14ae-4895-9af9-f9bee11985aa => [200] OK
[GET] blob:https://reall3d.com/f9986cc4-6d57-4dcd-8863-bf91965840f3 => [200] OK
[GET] blob:https://reall3d.com/855486df-0917-4ff9-8cac-469b53ceda2b => [200] OK
[GET] blob:https://reall3d.com/3ce4262c-38a0-4cbb-8213-0bfabd07a249 => [200] OK
[GET] blob:https://reall3d.com/5b94dda8-021f-4b18-a41c-93868f711c01 => [200] OK
[GET] https://t2.tianditu.gov.cn/DataServer?T=img_w&x=424&y=208&l=9&tk=7f8f4f56f3ccda758f9a497e2b981018 => [200] OK
[GET] https://t2.tianditu.gov.cn/DataServer?T=cia_w&x=424&y=208&l=9&tk=7f8f4f56f3ccda758f9a497e2b981018 => [200] OK
[GET] https://t3.tianditu.gov.cn/DataServer?T=img_w&x=425&y=208&l=9&tk=7f8f4f56f3ccda758f9a497e2b981018 => [200] OK
[GET] https://t1.tianditu.gov.cn/DataServer?T=cia_w&x=425&y=208&l=9&tk=7f8f4f56f3ccda758f9a497e2b981018 => [200] OK
[GET] https://t3.tianditu.gov.cn/DataServer?T=img_w&x=424&y=209&l=9&tk=7f8f4f56f3ccda758f9a497e2b981018 => [200] OK
[GET] https://t0.tianditu.gov.cn/DataServer?T=cia_w&x=424&y=209&l=9&tk=7f8f4f56f3ccda758f9a497e2b981018 => [200] OK
[GET] https://t2.tianditu.gov.cn/DataServer?T=img_w&x=425&y=209&l=9&tk=7f8f4f56f3ccda758f9a497e2b981018 => [200] OK
[GET] https://t3.tianditu.gov.cn/DataServer?T=cia_w&x=425&y=209&l=9&tk=7f8f4f56f3ccda758f9a497e2b981018 => [200] OK
[GET] blob:https://reall3d.com/db8a291e-62f6-4fc1-8841-1e493bd4a84a => [200] OK
[GET] blob:https://reall3d.com/2bf8a2c9-7c16-4889-9dc8-dc7d9a83a2f9 => [200] OK
[GET] blob:https://reall3d.com/3dd3eb15-f84d-480b-a6cc-d73b4112af4c => [200] OK
[GET] blob:https://reall3d.com/df1dfc30-96e6-4f08-8849-b57bc08d2685 => [200] OK
[GET] blob:https://reall3d.com/83986231-de19-48ac-9ecd-7a47346c5a95 => [200] OK
[GET] blob:https://reall3d.com/e9ebb056-477d-45d1-8ecf-84375a9de9e9 => [200] OK
[GET] blob:https://reall3d.com/0ccca551-8f66-4a0e-acfa-a586baaadbb8 => [200] OK
[GET] blob:https://reall3d.com/0716b125-59fe-4958-a782-06883f12f0c2 => [200] OK
[GET] https://t1.tianditu.gov.cn/DataServer?T=img_w&x=848&y=418&l=10&tk=7f8f4f56f3ccda758f9a497e2b981018 => [200] OK
[GET] https://t4.tianditu.gov.cn/DataServer?T=cia_w&x=848&y=418&l=10&tk=7f8f4f56f3ccda758f9a497e2b981018 => [200] OK
[GET] https://t3.tianditu.gov.cn/DataServer?T=img_w&x=849&y=418&l=10&tk=7f8f4f56f3ccda758f9a497e2b981018 => [200] OK
[GET] https://t1.tianditu.gov.cn/DataServer?T=cia_w&x=849&y=418&l=10&tk=7f8f4f56f3ccda758f9a497e2b981018 => [200] OK
[GET] https://t0.tianditu.gov.cn/DataServer?T=img_w&x=848&y=419&l=10&tk=7f8f4f56f3ccda758f9a497e2b981018 => [200] OK
[GET] https://t1.tianditu.gov.cn/DataServer?T=cia_w&x=848&y=419&l=10&tk=7f8f4f56f3ccda758f9a497e2b981018 => [200] OK
[GET] https://t1.tianditu.gov.cn/DataServer?T=img_w&x=849&y=419&l=10&tk=7f8f4f56f3ccda758f9a497e2b981018 => [200] OK
[GET] https://t2.tianditu.gov.cn/DataServer?T=cia_w&x=849&y=419&l=10&tk=7f8f4f56f3ccda758f9a497e2b981018 => [200] OK
[GET] https://t0.tianditu.gov.cn/DataServer?T=img_w&x=850&y=418&l=10&tk=7f8f4f56f3ccda758f9a497e2b981018 => [200] OK
[GET] https://t0.tianditu.gov.cn/DataServer?T=cia_w&x=850&y=418&l=10&tk=7f8f4f56f3ccda758f9a497e2b981018 => [200] OK
[GET] https://t4.tianditu.gov.cn/DataServer?T=img_w&x=851&y=418&l=10&tk=7f8f4f56f3ccda758f9a497e2b981018 => [200] OK
[GET] https://t1.tianditu.gov.cn/DataServer?T=cia_w&x=851&y=418&l=10&tk=7f8f4f56f3ccda758f9a497e2b981018 => [200] OK
[GET] https://t3.tianditu.gov.cn/DataServer?T=img_w&x=850&y=419&l=10&tk=7f8f4f56f3ccda758f9a497e2b981018 => [200] OK
[GET] https://t1.tianditu.gov.cn/DataServer?T=cia_w&x=850&y=419&l=10&tk=7f8f4f56f3ccda758f9a497e2b981018 => [200] OK
[GET] https://t3.tianditu.gov.cn/DataServer?T=img_w&x=851&y=419&l=10&tk=7f8f4f56f3ccda758f9a497e2b981018 => [200] OK
[GET] https://t2.tianditu.gov.cn/DataServer?T=cia_w&x=851&y=419&l=10&tk=7f8f4f56f3ccda758f9a497e2b981018 => [200] OK
[GET] blob:https://reall3d.com/84b5e171-799a-46b7-ae79-010ad8d7c9b8 => [200] OK
[GET] blob:https://reall3d.com/8befcafe-d981-4adf-9520-c1ce5abffd20 => [200] OK
[GET] blob:https://reall3d.com/92ed5c0b-f77d-4d6d-b108-1dbf1db58f98 => [200] OK
[GET] blob:https://reall3d.com/f14c839f-0203-4141-8f38-28de653a4c2e => [200] OK
[GET] blob:https://reall3d.com/8e547514-d77b-4e50-aaef-2739c838f42b => [200] OK
[GET] blob:https://reall3d.com/c48030f4-6982-4549-aee7-c22952833f4e => [200] OK
[GET] blob:https://reall3d.com/824f893d-ea74-4aa8-8acc-6d9662a0a84f => [200] OK
[GET] blob:https://reall3d.com/f4d50fe0-1ebb-4eea-99aa-af8e10a03227 => [200] OK
[GET] blob:https://reall3d.com/2f17a216-a332-48ad-93a3-edb6e2f88f4d => [200] OK
[GET] blob:https://reall3d.com/efc490f6-68fa-4f1c-af6e-7753f908592a => [200] OK
[GET] blob:https://reall3d.com/514741e4-c9e8-4af8-93d4-bf32b7cb47a3 => [200] OK
[GET] blob:https://reall3d.com/ae7d32f3-781e-4a5e-97b8-b6d54e3830a6 => [200] OK
[GET] blob:https://reall3d.com/85ab7319-99ae-4579-bc63-5b471835693c => [200] OK
[GET] blob:https://reall3d.com/125a1af0-dbbd-4653-b8c9-b2c37c867f3e => [200] OK
[GET] blob:https://reall3d.com/9de57fe3-1b73-400c-a71a-527dd642e09a => [200] OK
[GET] blob:https://reall3d.com/06a26b8d-d8cc-42c9-987d-237b3b205953 => [200] OK
[GET] https://t3.tianditu.gov.cn/DataServer?T=img_w&x=1698&y=836&l=11&tk=7f8f4f56f3ccda758f9a497e2b981018 => [200] OK
[GET] https://t1.tianditu.gov.cn/DataServer?T=cia_w&x=1698&y=836&l=11&tk=7f8f4f56f3ccda758f9a497e2b981018 => [200] OK
[GET] https://t0.tianditu.gov.cn/DataServer?T=img_w&x=1699&y=836&l=11&tk=7f8f4f56f3ccda758f9a497e2b981018 => [200] OK
[GET] https://t0.tianditu.gov.cn/DataServer?T=cia_w&x=1699&y=836&l=11&tk=7f8f4f56f3ccda758f9a497e2b981018 => [200] OK
[GET] https://t0.tianditu.gov.cn/DataServer?T=img_w&x=1698&y=837&l=11&tk=7f8f4f56f3ccda758f9a497e2b981018 => [200] OK
[GET] https://t3.tianditu.gov.cn/DataServer?T=cia_w&x=1698&y=837&l=11&tk=7f8f4f56f3ccda758f9a497e2b981018 => [200] OK
[GET] https://t4.tianditu.gov.cn/DataServer?T=img_w&x=1699&y=837&l=11&tk=7f8f4f56f3ccda758f9a497e2b981018 => [200] OK
[GET] https://t3.tianditu.gov.cn/DataServer?T=cia_w&x=1699&y=837&l=11&tk=7f8f4f56f3ccda758f9a497e2b981018 => [200] OK
[GET] https://t2.tianditu.gov.cn/DataServer?T=img_w&x=1698&y=838&l=11&tk=7f8f4f56f3ccda758f9a497e2b981018 => [200] OK
[GET] https://t0.tianditu.gov.cn/DataServer?T=cia_w&x=1698&y=838&l=11&tk=7f8f4f56f3ccda758f9a497e2b981018 => [200] OK
[GET] https://t1.tianditu.gov.cn/DataServer?T=img_w&x=1699&y=838&l=11&tk=7f8f4f56f3ccda758f9a497e2b981018 => [200] OK
[GET] https://t2.tianditu.gov.cn/DataServer?T=cia_w&x=1699&y=838&l=11&tk=7f8f4f56f3ccda758f9a497e2b981018 => [200] OK
[GET] https://t2.tianditu.gov.cn/DataServer?T=img_w&x=1698&y=839&l=11&tk=7f8f4f56f3ccda758f9a497e2b981018 => [200] OK
[GET] https://t1.tianditu.gov.cn/DataServer?T=cia_w&x=1698&y=839&l=11&tk=7f8f4f56f3ccda758f9a497e2b981018 => [200] OK
[GET] https://t1.tianditu.gov.cn/DataServer?T=img_w&x=1699&y=839&l=11&tk=7f8f4f56f3ccda758f9a497e2b981018 => [200] OK
[GET] https://t3.tianditu.gov.cn/DataServer?T=cia_w&x=1699&y=839&l=11&tk=7f8f4f56f3ccda758f9a497e2b981018 => [200] OK
[GET] https://t0.tianditu.gov.cn/DataServer?T=img_w&x=1700&y=836&l=11&tk=7f8f4f56f3ccda758f9a497e2b981018 => [200] OK
[GET] https://t4.tianditu.gov.cn/DataServer?T=cia_w&x=1700&y=836&l=11&tk=7f8f4f56f3ccda758f9a497e2b981018 => [200] OK
[GET] https://t3.tianditu.gov.cn/DataServer?T=img_w&x=1701&y=836&l=11&tk=7f8f4f56f3ccda758f9a497e2b981018 => [200] OK
[GET] https://t2.tianditu.gov.cn/DataServer?T=cia_w&x=1701&y=836&l=11&tk=7f8f4f56f3ccda758f9a497e2b981018 => [200] OK
[GET] https://t3.tianditu.gov.cn/DataServer?T=img_w&x=1700&y=837&l=11&tk=7f8f4f56f3ccda758f9a497e2b981018 => [200] OK
[GET] https://t3.tianditu.gov.cn/DataServer?T=cia_w&x=1700&y=837&l=11&tk=7f8f4f56f3ccda758f9a497e2b981018 => [200] OK
[GET] https://t4.tianditu.gov.cn/DataServer?T=img_w&x=1701&y=837&l=11&tk=7f8f4f56f3ccda758f9a497e2b981018 => [200] OK
[GET] https://t3.tianditu.gov.cn/DataServer?T=cia_w&x=1701&y=837&l=11&tk=7f8f4f56f3ccda758f9a497e2b981018 => [200] OK
[GET] blob:https://reall3d.com/619b3f8b-3b67-4dce-b067-97d0757b6088 => [200] OK
[GET] blob:https://reall3d.com/b602a940-0d96-4cbb-9975-0b41c36dec6c => [200] OK
[GET] blob:https://reall3d.com/8126fc48-eff2-45dd-8997-f76e7c41f0ca => [200] OK
[GET] blob:https://reall3d.com/fc8d5b90-a17f-4f6c-b8d6-090783a851b9 => [200] OK
[GET] blob:https://reall3d.com/c1df926a-afd3-43ab-8d26-2f57f46c25f7 => [200] OK
[GET] blob:https://reall3d.com/8a0b639a-7047-4831-938d-ee67d3ae5d98 => [200] OK
[GET] blob:https://reall3d.com/72badc5f-fc5a-43e8-999f-deeb3e6be2a7 => [200] OK
[GET] blob:https://reall3d.com/a1135c03-ccb2-464a-909d-8532f0201f78 => [200] OK
[GET] blob:https://reall3d.com/6dc9475f-119c-4216-ab6e-0bdf0a16e581 => [200] OK
[GET] blob:https://reall3d.com/2f9c4e6d-bd27-49c7-b98c-c3bdd7fb5831 => [200] OK
[GET] blob:https://reall3d.com/254ead7d-28f2-47c3-ba44-243790d18b68 => [200] OK
[GET] blob:https://reall3d.com/bcd6959c-bd22-44d0-aa73-5b35b686ff80 => [200] OK
[GET] blob:https://reall3d.com/6d3f5064-dff9-441d-81fb-ec013f0602ef => [200] OK
[GET] blob:https://reall3d.com/2ed3db92-ea10-4064-a779-801486003157 => [200] OK
[GET] blob:https://reall3d.com/d5f3e6b0-a6f8-40ee-8a9c-42e1aafb7ec8 => [200] OK
[GET] blob:https://reall3d.com/c28ef8c6-4529-4c50-aae5-afb0ce4d6a1b => [200] OK
[GET] blob:https://reall3d.com/5d767c14-7b31-4207-852a-9257fc3112d3 => [200] OK
[GET] blob:https://reall3d.com/8fb3a287-a6fa-463a-9cf4-f79d3fe3a4c0 => [200] OK
[GET] blob:https://reall3d.com/1d2fd12a-eb4e-494a-99a1-8533b160b823 => [200] OK
[GET] blob:https://reall3d.com/e0c0cdb7-9e11-4623-b94b-83383ced50d9 => [200] OK
[GET] blob:https://reall3d.com/4c28a8ce-ca68-4c64-89dc-9a814eb155f1 => [200] OK
[GET] blob:https://reall3d.com/441af0d5-256f-460f-ba9e-f2f01f5c425c => [200] OK
[GET] blob:https://reall3d.com/633de39e-be16-496c-9dc3-74c23c6b0ac9 => [200] OK
[GET] blob:https://reall3d.com/36008b3d-42a6-4031-93bd-2aecb0bcf412 => [200] OK
[GET] https://t2.tianditu.gov.cn/DataServer?T=img_w&x=3398&y=1674&l=12&tk=7f8f4f56f3ccda758f9a497e2b981018 => [200] OK
[GET] https://t2.tianditu.gov.cn/DataServer?T=cia_w&x=3398&y=1674&l=12&tk=7f8f4f56f3ccda758f9a497e2b981018 => [200] OK
[GET] https://t4.tianditu.gov.cn/DataServer?T=img_w&x=3399&y=1674&l=12&tk=7f8f4f56f3ccda758f9a497e2b981018 => [200] OK
[GET] https://t4.tianditu.gov.cn/DataServer?T=cia_w&x=3399&y=1674&l=12&tk=7f8f4f56f3ccda758f9a497e2b981018 => [200] OK
[GET] https://t4.tianditu.gov.cn/DataServer?T=img_w&x=3398&y=1675&l=12&tk=7f8f4f56f3ccda758f9a497e2b981018 => [200] OK
[GET] https://t3.tianditu.gov.cn/DataServer?T=cia_w&x=3398&y=1675&l=12&tk=7f8f4f56f3ccda758f9a497e2b981018 => [200] OK
[GET] https://t3.tianditu.gov.cn/DataServer?T=img_w&x=3399&y=1675&l=12&tk=7f8f4f56f3ccda758f9a497e2b981018 => [200] OK
[GET] https://t3.tianditu.gov.cn/DataServer?T=cia_w&x=3399&y=1675&l=12&tk=7f8f4f56f3ccda758f9a497e2b981018 => [200] OK
[GET] https://t1.tianditu.gov.cn/DataServer?T=img_w&x=3396&y=1676&l=12&tk=7f8f4f56f3ccda758f9a497e2b981018 => [200] OK
[GET] https://t3.tianditu.gov.cn/DataServer?T=cia_w&x=3396&y=1676&l=12&tk=7f8f4f56f3ccda758f9a497e2b981018 => [200] OK
[GET] https://t0.tianditu.gov.cn/DataServer?T=img_w&x=3397&y=1676&l=12&tk=7f8f4f56f3ccda758f9a497e2b981018 => [200] OK
[GET] https://t0.tianditu.gov.cn/DataServer?T=cia_w&x=3397&y=1676&l=12&tk=7f8f4f56f3ccda758f9a497e2b981018 => [200] OK
[GET] https://t4.tianditu.gov.cn/DataServer?T=img_w&x=3396&y=1677&l=12&tk=7f8f4f56f3ccda758f9a497e2b981018 => [200] OK
[GET] https://t4.tianditu.gov.cn/DataServer?T=cia_w&x=3396&y=1677&l=12&tk=7f8f4f56f3ccda758f9a497e2b981018 => [200] OK
[GET] https://t1.tianditu.gov.cn/DataServer?T=img_w&x=3397&y=1677&l=12&tk=7f8f4f56f3ccda758f9a497e2b981018 => [200] OK
[GET] https://t4.tianditu.gov.cn/DataServer?T=cia_w&x=3397&y=1677&l=12&tk=7f8f4f56f3ccda758f9a497e2b981018 => [200] OK
[GET] https://t2.tianditu.gov.cn/DataServer?T=img_w&x=3398&y=1676&l=12&tk=7f8f4f56f3ccda758f9a497e2b981018 => [200] OK
[GET] https://t0.tianditu.gov.cn/DataServer?T=cia_w&x=3398&y=1676&l=12&tk=7f8f4f56f3ccda758f9a497e2b981018 => [200] OK
[GET] https://t0.tianditu.gov.cn/DataServer?T=img_w&x=3399&y=1676&l=12&tk=7f8f4f56f3ccda758f9a497e2b981018 => [200] OK
[GET] https://t3.tianditu.gov.cn/DataServer?T=cia_w&x=3399&y=1676&l=12&tk=7f8f4f56f3ccda758f9a497e2b981018 => [200] OK
[GET] https://t1.tianditu.gov.cn/DataServer?T=img_w&x=3398&y=1677&l=12&tk=7f8f4f56f3ccda758f9a497e2b981018 => [200] OK
[GET] https://t2.tianditu.gov.cn/DataServer?T=cia_w&x=3398&y=1677&l=12&tk=7f8f4f56f3ccda758f9a497e2b981018 => [200] OK
[GET] https://t1.tianditu.gov.cn/DataServer?T=img_w&x=3399&y=1677&l=12&tk=7f8f4f56f3ccda758f9a497e2b981018 => [200] OK
[GET] https://t0.tianditu.gov.cn/DataServer?T=cia_w&x=3399&y=1677&l=12&tk=7f8f4f56f3ccda758f9a497e2b981018 => [200] OK
[GET] blob:https://reall3d.com/c6a52bfa-80cb-4e74-98cf-875544a1f3fb => [200] OK
[GET] blob:https://reall3d.com/5d5b57db-686d-49d7-a8b2-041342218b59 => [200] OK
[GET] blob:https://reall3d.com/d3ea896a-6309-4b7d-b884-2843321acef8 => [200] OK
[GET] blob:https://reall3d.com/6dd7a9de-d6fc-40b1-8bb3-f43654a70578 => [200] OK
[GET] blob:https://reall3d.com/3a45c9b6-1f37-43b9-9beb-30934b1ccac6 => [200] OK
[GET] blob:https://reall3d.com/78d35a1c-014e-4cc3-a664-a5cdee6d351d => [200] OK
[GET] blob:https://reall3d.com/001ff10b-4c58-4ba6-bc8b-67311923c84f => [200] OK
[GET] blob:https://reall3d.com/3e447c9c-bca0-447b-a0fe-1ed25af9d5c3 => [200] OK
[GET] blob:https://reall3d.com/0d3654c0-0d08-4cdc-966e-fabb9c164361 => [200] OK
[GET] blob:https://reall3d.com/ed21ad4f-0fc9-4eb1-b954-ab1357a93e31 => [200] OK
[GET] blob:https://reall3d.com/50a918c3-568d-41e9-b11b-be8763233dfe => [200] OK
[GET] blob:https://reall3d.com/09a9a80b-373b-433b-a1df-385f6744d9a8 => [200] OK
[GET] blob:https://reall3d.com/d3a9d4fd-1358-4159-afef-eaebf31d62e0 => [200] OK
[GET] blob:https://reall3d.com/8c2677bb-01fb-4fdd-b872-b8181f5a1f0c => [200] OK
[GET] blob:https://reall3d.com/e5af3936-7565-4a52-b9c2-5d7d37cc69b6 => [200] OK
[GET] blob:https://reall3d.com/e89c729d-e31d-48b1-b70b-70ba919082ea => [200] OK
[GET] blob:https://reall3d.com/2f695f44-d006-4557-8f0c-d23b69f948a6 => [200] OK
[GET] blob:https://reall3d.com/a1fcd2d2-704f-4256-82ef-62a8047a8e5f => [200] OK
[GET] blob:https://reall3d.com/559c593b-5f4e-4ea3-b016-180cbdfa5362 => [200] OK
[GET] blob:https://reall3d.com/9231fe7f-3f23-4acc-b516-233ce2fc6a9a => [200] OK
[GET] blob:https://reall3d.com/e2c157d3-674b-4d82-b850-cbfbd409365c => [200] OK
[GET] blob:https://reall3d.com/f186dd9b-51c4-4772-aab5-7adc178739f3 => [200] OK
[GET] blob:https://reall3d.com/cc269eb4-0888-4a6d-9178-83747af40841 => [200] OK
[GET] blob:https://reall3d.com/27d49a0c-af31-4e5a-8555-9b3fe990bc59 => [200] OK
[GET] https://t3.tianditu.gov.cn/DataServer?T=img_w&x=6796&y=3354&l=13&tk=7f8f4f56f3ccda758f9a497e2b981018 => [200] OK
[GET] https://t0.tianditu.gov.cn/DataServer?T=cia_w&x=6796&y=3354&l=13&tk=7f8f4f56f3ccda758f9a497e2b981018 => [200] OK
[GET] https://t0.tianditu.gov.cn/DataServer?T=img_w&x=6797&y=3354&l=13&tk=7f8f4f56f3ccda758f9a497e2b981018 => [200] OK
[GET] https://t4.tianditu.gov.cn/DataServer?T=cia_w&x=6797&y=3354&l=13&tk=7f8f4f56f3ccda758f9a497e2b981018 => [200] OK
[GET] https://t2.tianditu.gov.cn/DataServer?T=img_w&x=6796&y=3355&l=13&tk=7f8f4f56f3ccda758f9a497e2b981018 => [200] OK
[GET] https://t1.tianditu.gov.cn/DataServer?T=cia_w&x=6796&y=3355&l=13&tk=7f8f4f56f3ccda758f9a497e2b981018 => [200] OK
[GET] https://t0.tianditu.gov.cn/DataServer?T=img_w&x=6797&y=3355&l=13&tk=7f8f4f56f3ccda758f9a497e2b981018 => [200] OK
[GET] https://t0.tianditu.gov.cn/DataServer?T=cia_w&x=6797&y=3355&l=13&tk=7f8f4f56f3ccda758f9a497e2b981018 => [200] OK
[GET] https://t0.tianditu.gov.cn/DataServer?T=img_w&x=6798&y=3354&l=13&tk=7f8f4f56f3ccda758f9a497e2b981018 => [200] OK
[GET] https://t2.tianditu.gov.cn/DataServer?T=cia_w&x=6798&y=3354&l=13&tk=7f8f4f56f3ccda758f9a497e2b981018 => [200] OK
[GET] https://t3.tianditu.gov.cn/DataServer?T=img_w&x=6799&y=3354&l=13&tk=7f8f4f56f3ccda758f9a497e2b981018 => [200] OK
[GET] https://t2.tianditu.gov.cn/DataServer?T=cia_w&x=6799&y=3354&l=13&tk=7f8f4f56f3ccda758f9a497e2b981018 => [200] OK
[GET] https://t0.tianditu.gov.cn/DataServer?T=img_w&x=6798&y=3355&l=13&tk=7f8f4f56f3ccda758f9a497e2b981018 => [200] OK
[GET] https://t3.tianditu.gov.cn/DataServer?T=cia_w&x=6798&y=3355&l=13&tk=7f8f4f56f3ccda758f9a497e2b981018 => [200] OK
[GET] https://t2.tianditu.gov.cn/DataServer?T=img_w&x=6799&y=3355&l=13&tk=7f8f4f56f3ccda758f9a497e2b981018 => [200] OK
[GET] https://t2.tianditu.gov.cn/DataServer?T=cia_w&x=6799&y=3355&l=13&tk=7f8f4f56f3ccda758f9a497e2b981018 => [200] OK
[GET] https://t2.tianditu.gov.cn/DataServer?T=img_w&x=3398&y=1678&l=12&tk=7f8f4f56f3ccda758f9a497e2b981018 => [200] OK
[GET] https://t1.tianditu.gov.cn/DataServer?T=cia_w&x=3398&y=1678&l=12&tk=7f8f4f56f3ccda758f9a497e2b981018 => [200] OK
[GET] https://t2.tianditu.gov.cn/DataServer?T=img_w&x=3399&y=1678&l=12&tk=7f8f4f56f3ccda758f9a497e2b981018 => [200] OK
[GET] https://t2.tianditu.gov.cn/DataServer?T=cia_w&x=3399&y=1678&l=12&tk=7f8f4f56f3ccda758f9a497e2b981018 => [200] OK
[GET] https://t1.tianditu.gov.cn/DataServer?T=img_w&x=3398&y=1679&l=12&tk=7f8f4f56f3ccda758f9a497e2b981018 => [200] OK
[GET] https://t0.tianditu.gov.cn/DataServer?T=cia_w&x=3398&y=1679&l=12&tk=7f8f4f56f3ccda758f9a497e2b981018 => [200] OK
[GET] https://t4.tianditu.gov.cn/DataServer?T=img_w&x=3399&y=1679&l=12&tk=7f8f4f56f3ccda758f9a497e2b981018 => [200] OK
[GET] https://t2.tianditu.gov.cn/DataServer?T=cia_w&x=3399&y=1679&l=12&tk=7f8f4f56f3ccda758f9a497e2b981018 => [200] OK
[GET] blob:https://reall3d.com/beb2cff4-d6e1-41e3-b487-f02cf6a1a7db => [200] OK
[GET] blob:https://reall3d.com/0a44d92f-3c15-4bbe-876d-87ef3a36d7f2 => [200] OK
[GET] blob:https://reall3d.com/d85fc0d9-18aa-4add-909e-e0b3fa73acc8 => [200] OK
[GET] blob:https://reall3d.com/f6c0b7a4-750b-4484-8aea-cf65e206a885 => [200] OK
[GET] blob:https://reall3d.com/dc2cc7a9-e31f-4132-81d2-53412ec78b35 => [200] OK
[GET] blob:https://reall3d.com/58c8a27a-aabc-4322-bd4a-28223feb4885 => [200] OK
[GET] blob:https://reall3d.com/6c0f4ab4-2369-41c0-a0e2-3a6774427cbc => [200] OK
[GET] blob:https://reall3d.com/dc0f8924-5fc5-4815-ae63-b082df587bc0 => [200] OK
[GET] blob:https://reall3d.com/cbdf23d6-d374-4d7d-b851-d1b0a90829f7 => [200] OK
[GET] blob:https://reall3d.com/fabf66bb-c64b-4c6d-9014-4fd8f651e06f => [200] OK
[GET] blob:https://reall3d.com/01eefc5d-d478-41b9-ae1c-d3e14c039ae2 => [200] OK
[GET] blob:https://reall3d.com/85d3a478-91fa-4740-86ba-b1bcf1ed8af6 => [200] OK
[GET] blob:https://reall3d.com/691bac31-5646-4d7c-8e40-0382cadabbd8 => [200] OK
[GET] blob:https://reall3d.com/6f3e71a6-f9a2-420a-ad8a-5a1aedf05ef3 => [200] OK
[GET] blob:https://reall3d.com/7e64c45b-3ff6-44be-b12d-19197a1f3d39 => [200] OK
[GET] blob:https://reall3d.com/1abd29c0-893f-43d4-9b51-00f773ff2613 => [200] OK
[GET] blob:https://reall3d.com/92e4c811-f1e7-4bd1-a755-13a3e43c3983 => [200] OK
[GET] blob:https://reall3d.com/6a58022d-7faf-4591-b5c6-4968a4bdc548 => [200] OK
[GET] blob:https://reall3d.com/928af612-c14f-4c0f-a02f-8e1772e505ec => [200] OK
[GET] blob:https://reall3d.com/6cf307c0-ed75-4dd4-a46e-902e8760b5cd => [200] OK
[GET] blob:https://reall3d.com/739c20cd-24b0-4b80-a609-0d6b64c17e26 => [200] OK
[GET] blob:https://reall3d.com/22c8df30-bb79-4f4e-acbc-6079c44d58fd => [200] OK
[GET] blob:https://reall3d.com/f52707f2-bd70-4e1c-a819-41a9da4be79b => [200] OK
[GET] blob:https://reall3d.com/b9fdafea-637d-41f3-acf0-39594f72d696 => [200] OK
[GET] https://t1.tianditu.gov.cn/DataServer?T=img_w&x=6796&y=3356&l=13&tk=7f8f4f56f3ccda758f9a497e2b981018 => [200] OK
[GET] https://t0.tianditu.gov.cn/DataServer?T=cia_w&x=6796&y=3356&l=13&tk=7f8f4f56f3ccda758f9a497e2b981018 => [200] OK
[GET] https://t3.tianditu.gov.cn/DataServer?T=img_w&x=6797&y=3356&l=13&tk=7f8f4f56f3ccda758f9a497e2b981018 => [200] OK
[GET] https://t3.tianditu.gov.cn/DataServer?T=cia_w&x=6797&y=3356&l=13&tk=7f8f4f56f3ccda758f9a497e2b981018 => [200] OK
[GET] https://t2.tianditu.gov.cn/DataServer?T=img_w&x=6796&y=3357&l=13&tk=7f8f4f56f3ccda758f9a497e2b981018 => [200] OK
[GET] https://t0.tianditu.gov.cn/DataServer?T=cia_w&x=6796&y=3357&l=13&tk=7f8f4f56f3ccda758f9a497e2b981018 => [200] OK
[GET] https://t0.tianditu.gov.cn/DataServer?T=img_w&x=6797&y=3357&l=13&tk=7f8f4f56f3ccda758f9a497e2b981018 => [200] OK
[GET] https://t2.tianditu.gov.cn/DataServer?T=cia_w&x=6797&y=3357&l=13&tk=7f8f4f56f3ccda758f9a497e2b981018 => [200] OK
[GET] https://t4.tianditu.gov.cn/DataServer?T=img_w&x=6798&y=3356&l=13&tk=7f8f4f56f3ccda758f9a497e2b981018 => [200] OK
[GET] https://t4.tianditu.gov.cn/DataServer?T=cia_w&x=6798&y=3356&l=13&tk=7f8f4f56f3ccda758f9a497e2b981018 => [200] OK
[GET] https://t1.tianditu.gov.cn/DataServer?T=img_w&x=6799&y=3356&l=13&tk=7f8f4f56f3ccda758f9a497e2b981018 => [200] OK
[GET] https://t3.tianditu.gov.cn/DataServer?T=cia_w&x=6799&y=3356&l=13&tk=7f8f4f56f3ccda758f9a497e2b981018 => [200] OK
[GET] https://t3.tianditu.gov.cn/DataServer?T=img_w&x=6798&y=3357&l=13&tk=7f8f4f56f3ccda758f9a497e2b981018 => [200] OK
[GET] https://t2.tianditu.gov.cn/DataServer?T=cia_w&x=6798&y=3357&l=13&tk=7f8f4f56f3ccda758f9a497e2b981018 => [200] OK
[GET] https://t4.tianditu.gov.cn/DataServer?T=img_w&x=6799&y=3357&l=13&tk=7f8f4f56f3ccda758f9a497e2b981018 => [200] OK
[GET] https://t0.tianditu.gov.cn/DataServer?T=cia_w&x=6799&y=3357&l=13&tk=7f8f4f56f3ccda758f9a497e2b981018 => [200] OK
[GET] https://t0.tianditu.gov.cn/DataServer?T=img_w&x=1700&y=838&l=11&tk=7f8f4f56f3ccda758f9a497e2b981018 => [200] OK
[GET] https://t4.tianditu.gov.cn/DataServer?T=cia_w&x=1700&y=838&l=11&tk=7f8f4f56f3ccda758f9a497e2b981018 => [200] OK
[GET] https://t3.tianditu.gov.cn/DataServer?T=img_w&x=1701&y=838&l=11&tk=7f8f4f56f3ccda758f9a497e2b981018 => [200] OK
[GET] https://t0.tianditu.gov.cn/DataServer?T=cia_w&x=1701&y=838&l=11&tk=7f8f4f56f3ccda758f9a497e2b981018 => [200] OK
[GET] https://t2.tianditu.gov.cn/DataServer?T=img_w&x=1700&y=839&l=11&tk=7f8f4f56f3ccda758f9a497e2b981018 => [200] OK
[GET] https://t2.tianditu.gov.cn/DataServer?T=cia_w&x=1700&y=839&l=11&tk=7f8f4f56f3ccda758f9a497e2b981018 => [200] OK
[GET] https://t3.tianditu.gov.cn/DataServer?T=img_w&x=1701&y=839&l=11&tk=7f8f4f56f3ccda758f9a497e2b981018 => [200] OK
[GET] https://t2.tianditu.gov.cn/DataServer?T=cia_w&x=1701&y=839&l=11&tk=7f8f4f56f3ccda758f9a497e2b981018 => [200] OK
[GET] blob:https://reall3d.com/1f36ae73-246e-428a-9eeb-6e03578e4597 => [200] OK
[GET] blob:https://reall3d.com/3f767b92-91fc-44d7-8eb3-77fc408c67ad => [200] OK
[GET] blob:https://reall3d.com/709535b8-0281-461b-afde-aa23ccb4cc54 => [200] OK
[GET] blob:https://reall3d.com/042ac4ff-396b-46f2-a255-e0ed5bec6c66 => [200] OK
[GET] blob:https://reall3d.com/2a9df0e4-7d24-4f62-84b8-e4eae33b7b1a => [200] OK
[GET] blob:https://reall3d.com/f4f2a7c4-ca0d-4945-9cc7-b03dce503b75 => [200] OK
[GET] blob:https://reall3d.com/e265e48e-11a1-41d7-93b7-dd318117a688 => [200] OK
[GET] blob:https://reall3d.com/ff83c5fa-0b4e-4615-a7be-42310e3ca5bb => [200] OK
[GET] blob:https://reall3d.com/a428bc09-3485-4025-96df-88faf5bd17d4 => [200] OK
[GET] blob:https://reall3d.com/b17d9f68-6597-4beb-9d56-e69940789134 => [200] OK
[GET] blob:https://reall3d.com/8c334a60-1b86-4830-b9f4-748aee732c3d => [200] OK
[GET] blob:https://reall3d.com/7ad474b8-2a64-4455-b91f-f4c16e8c6424 => [200] OK
[GET] blob:https://reall3d.com/d655366f-4471-497d-a50d-ae63503f168f => [200] OK
[GET] blob:https://reall3d.com/66062ad9-36d0-41fb-9afe-edbde59423df => [200] OK
[GET] blob:https://reall3d.com/a0115996-e4e4-4510-beeb-fa662d6e2c50 => [200] OK
[GET] blob:https://reall3d.com/2e9e77cb-189d-4ca9-b3e5-49536589410e => [200] OK
[GET] blob:https://reall3d.com/aa1a8521-6f40-454f-aa19-267d6f750423 => [200] OK
[GET] blob:https://reall3d.com/128a0ed9-f0b1-4989-91fa-efafd386a977 => [200] OK
[GET] blob:https://reall3d.com/2fe34d7d-68fc-458d-9c1f-ed9beb9c5a16 => [200] OK
[GET] blob:https://reall3d.com/30c3709a-7620-46dc-97fd-3a7d8e03204d => [200] OK
[GET] blob:https://reall3d.com/c81432ee-c0b5-41c5-89fc-d579e64c2a36 => [200] OK
[GET] blob:https://reall3d.com/8ffced6b-d734-41fa-ab62-f4a23504f760 => [200] OK
[GET] blob:https://reall3d.com/80b087b4-fc19-4d35-9b39-58c0c9caeeee => [200] OK
[GET] blob:https://reall3d.com/ae980c37-3d11-4b91-9c3a-eee4e1e2e1cf => [200] OK
[GET] https://t4.tianditu.gov.cn/DataServer?T=img_w&x=3400&y=1676&l=12&tk=7f8f4f56f3ccda758f9a497e2b981018 => [200] OK
[GET] https://t3.tianditu.gov.cn/DataServer?T=cia_w&x=3400&y=1676&l=12&tk=7f8f4f56f3ccda758f9a497e2b981018 => [200] OK
[GET] https://t3.tianditu.gov.cn/DataServer?T=img_w&x=3401&y=1676&l=12&tk=7f8f4f56f3ccda758f9a497e2b981018 => [200] OK
[GET] https://t2.tianditu.gov.cn/DataServer?T=cia_w&x=3401&y=1676&l=12&tk=7f8f4f56f3ccda758f9a497e2b981018 => [200] OK
[GET] https://t2.tianditu.gov.cn/DataServer?T=img_w&x=3400&y=1677&l=12&tk=7f8f4f56f3ccda758f9a497e2b981018 => [200] OK
[GET] https://t3.tianditu.gov.cn/DataServer?T=cia_w&x=3400&y=1677&l=12&tk=7f8f4f56f3ccda758f9a497e2b981018 => [200] OK
[GET] https://t3.tianditu.gov.cn/DataServer?T=img_w&x=3401&y=1677&l=12&tk=7f8f4f56f3ccda758f9a497e2b981018 => [200] OK
[GET] https://t0.tianditu.gov.cn/DataServer?T=cia_w&x=3401&y=1677&l=12&tk=7f8f4f56f3ccda758f9a497e2b981018 => [200] OK
[GET] blob:https://reall3d.com/f634f176-5d60-4264-98db-c86fab6f508d => [200] OK
[GET] blob:https://reall3d.com/498c3413-0433-490e-886c-68e954f9e4ae => [200] OK
[GET] blob:https://reall3d.com/675bf930-5c39-4d08-b841-8d48fb404359 => [200] OK
[GET] blob:https://reall3d.com/117ad144-88f1-4928-8bf9-40b3f5dfc9f9 => [200] OK
[GET] blob:https://reall3d.com/39f0b9d5-2db3-408b-8a38-1712979a691a => [200] OK
[GET] blob:https://reall3d.com/e2bcb08c-4464-43ba-a11a-daa8dc7ff464 => [200] OK
[GET] blob:https://reall3d.com/4e6a45cc-874a-4895-8f3b-b4ddae1f71ed => [200] OK
[GET] blob:https://reall3d.com/1d498314-b618-4083-80ea-bcd366b92745 => [200] OK
[GET] https://reall3d.com/reall3dviewer/demo-tv/demo-models/map/thy.spx => [200] OK
[GET] https://reall3d.com/reall3dviewer/demo-tv/demo-models/map/wlh.spx => [200] OK
[POST] https://reall3d.com/gsfont/api/getGaussianText => [200] OK
[GET] blob:https://reall3d.com/da4f82cb-5c7e-42a6-b445-a0ae6100dc3c => [200] OK
[GET] https://reall3d.com/reall3dviewer/demo-tv/demo-models/map/xcsghj.spx => [200] OK
[GET] https://reall3d.com/reall3dviewer/demo-tv/demo-models/map/lndx.spx => [200] OK
[GET] https://reall3d.com/reall3dviewer/demo-tv/demo-models/map/xcsmxgy.spx => [200] OK
[GET] https://reall3d.com/reall3dviewer/demo-tv/demo-models/map/xcssdds.spx => [200] OK
[GET] blob:https://reall3d.com/f66fc269-a7ef-439f-9537-fa4324d9b7a8 => [200] OK
[POST] https://reall3d.com/gsfont/api/getGaussianText => [200] OK
[GET] blob:https://reall3d.com/aebe45b8-2ffb-4e71-9019-f1a1fb714c75 => [200] OK
[GET] blob:https://reall3d.com/f2b300fd-f194-4609-99ab-095ee8318aef => [200] OK
[POST] https://reall3d.com/gsfont/api/getGaussianText => [200] OK
[POST] https://reall3d.com/gsfont/api/getGaussianText => [200] OK
[POST] https://reall3d.com/gsfont/api/getGaussianText => [200] OK
[GET] blob:https://reall3d.com/8a5c92e6-a225-463f-8b1a-827a710e5862 => [200] OK
[GET] blob:https://reall3d.com/e92c9838-300d-40f0-84cd-802b8f1db795 => [200] OK
[POST] https://reall3d.com/gsfont/api/getGaussianText => [200] OK
[GET] blob:https://reall3d.com/6d5bbf88-1e95-4296-8cf3-1bf43b266d89 => [200] OK
[GET] blob:https://reall3d.com/d97fb723-584b-4eef-a756-7f6de5e37d2a => [200] OK
[GET] blob:https://reall3d.com/09b30cbc-aec8-4b6c-b94e-67352310a2c6 => [200] OK
[GET] blob:https://reall3d.com/969ab3f7-5c81-4f13-a58f-f06fbfc1ddb7 => [200] OK
[GET] blob:https://reall3d.com/71f76ab8-db52-4663-a3e2-a31404303bc8 => [200] OK
[GET] blob:https://reall3d.com/81235c88-62fb-49ce-8d04-c587cd7cbc34 => [200] OK
[GET] blob:https://reall3d.com/3cd92661-9472-4ede-98e5-a9f5b02bc49a => [200] OK
[GET] blob:https://reall3d.com/c0414cfc-25de-4460-bfb6-1f5673807b22 => [200] OK
[GET] blob:https://reall3d.com/dbde392c-6425-470a-80eb-2c2886edd4cc => [200] OK
[GET] blob:https://reall3d.com/83e1c7eb-61cc-49a1-a718-59505db7736f => [200] OK
[GET] blob:https://reall3d.com/e78fe096-ebf9-4881-a4ab-7b16711086bf => [200] OK
[GET] blob:https://reall3d.com/e4a59377-fa44-46b6-8657-5b91d449723f => [200] OK
[GET] blob:https://reall3d.com/b86bc3a0-8fde-4bc8-856e-f144e03c5a69 => [200] OK
[GET] blob:https://reall3d.com/e962f861-954a-47f1-9a90-00a9edfdd39a => [200] OK
[GET] blob:https://reall3d.com/b6e6a74b-8591-4771-9aa8-7dfc5ad2f629 => [200] OK
[GET] blob:https://reall3d.com/fd72314e-9b41-47eb-91c8-cc1c32273493 => [200] OK
[GET] blob:https://reall3d.com/37ece537-6a13-4535-b4de-ee65e8206649 => [200] OK
[GET] blob:https://reall3d.com/96f45cd3-b43e-49fb-aeb2-9da2efb8d198 => [200] OK
[GET] blob:https://reall3d.com/cc66b715-10b3-4d98-845a-e0cad0a8d5f1 => [200] OK
[GET] blob:https://reall3d.com/144bf5dd-2e5c-4569-a8ca-913eaf5d415b => [200] OK
[GET] blob:https://reall3d.com/d6cb94fb-5206-440f-ab4a-8603a504dd58 => [200] OK
[GET] blob:https://reall3d.com/4f92e6d2-3fb9-434e-b553-c69fa9c13343 => [200] OK
[GET] blob:https://reall3d.com/15671fe9-51e3-4247-baf5-7d2cfc8d0508 => [200] OK
[GET] blob:https://reall3d.com/aae06411-ccc9-4214-ba47-f07e2074b71f => [200] OK
[GET] blob:https://reall3d.com/5b2cc2c9-35bb-42a9-915f-ca66b09f2bab => [200] OK
[GET] blob:https://reall3d.com/021cd1bf-0841-4acb-aed2-65d2edc36920 => [200] OK
[GET] blob:https://reall3d.com/7795d767-b9c4-42f3-b7a9-9eb12efc72ad => [200] OK
[GET] blob:https://reall3d.com/69f4f4dd-3267-45ec-b4b1-eccd624ba22b => [200] OK
[GET] blob:https://reall3d.com/659068a2-af37-42c4-8e76-6fd1f7ca10cd => [200] OK
[GET] blob:https://reall3d.com/04174b1f-df85-416d-9176-3f5d82172f6c => [200] OK
[GET] blob:https://reall3d.com/0d623947-ae2e-4d13-a684-97339c093fd2 => [200] OK
[GET] blob:https://reall3d.com/c7f3f4b3-6b8d-410d-b99b-50712df8f4fa => [200] OK
[GET] blob:https://reall3d.com/61dca1cb-c15c-4e36-a45b-1b9baf616bee => [200] OK